<?xml version="1.0" encoding="UTF-8"?>
<!-- Generated by org.testng.reporters.JUnitReportReporter -->
<testsuite hostname="LTIN601842" failures="9" tests="55" name="com.selenium.emi_Tests.emiTest" time="48.331" errors="1" timestamp="2025-07-05T13:11:09 IST" skipped="0">
  <testcase classname="com.selenium.emi_Tests.emiTest" name="testNavigationToEMICalculator" time="0.125"/>
  <testcase classname="com.selenium.emi_Tests.emiTest" name="testPrincipalAmountFieldIsEnabled" time="0.095"/>
  <testcase classname="com.selenium.emi_Tests.emiTest" name="testInterestRateFieldIsEnabled" time="0.073"/>
  <testcase classname="com.selenium.emi_Tests.emiTest" name="testPaymentTermFieldIsEnabled" time="0.077"/>
  <testcase classname="com.selenium.emi_Tests.emiTest" name="testEMIResultIsDisplayed" time="2.813"/>
  <testcase classname="com.selenium.emi_Tests.emiTest" name="testEMIResultIsDisplayed" time="2.496"/>
  <testcase classname="com.selenium.emi_Tests.emiTest" name="testEMIResultIsDisplayed" time="2.638"/>
  <testcase classname="com.selenium.emi_Tests.emiTest" name="testEMIResultIsDisplayed" time="3.547"/>
  <testcase classname="com.selenium.emi_Tests.emiTest" name="testEMIResultIsDisplayed" time="2.701"/>
  <testcase classname="com.selenium.emi_Tests.emiTest" name="testEMICalculationFormulaCorrectness" time="0.964"/>
  <testcase classname="com.selenium.emi_Tests.emiTest" name="testEMICalculationFormulaCorrectness" time="0.715"/>
  <testcase classname="com.selenium.emi_Tests.emiTest" name="testEMICalculationFormulaCorrectness" time="0.674"/>
  <testcase classname="com.selenium.emi_Tests.emiTest" name="testEMICalculationFormulaCorrectness" time="1.024"/>
  <testcase classname="com.selenium.emi_Tests.emiTest" name="testEMICalculationFormulaCorrectness" time="0.627"/>
  <testcase classname="com.selenium.emi_Tests.emiTest" name="testLoanCategory5000" time="0.265"/>
  <testcase classname="com.selenium.emi_Tests.emiTest" name="testLoanCategory50001" time="0.295"/>
  <testcase classname="com.selenium.emi_Tests.emiTest" name="testLoanCategory500001" time="0.263"/>
  <testcase classname="com.selenium.emi_Tests.emiTest" name="testValidEMICalculation" time="0.823"/>
  <testcase classname="com.selenium.emi_Tests.emiTest" name="testValidEMICalculation" time="0.900"/>
  <testcase classname="com.selenium.emi_Tests.emiTest" name="testValidEMICalculation" time="0.806"/>
  <testcase classname="com.selenium.emi_Tests.emiTest" name="testValidEMICalculation" time="0.600"/>
  <testcase classname="com.selenium.emi_Tests.emiTest" name="testValidEMICalculation" time="0.381"/>
  <testcase classname="com.selenium.emi_Tests.emiTest" name="testPieChartDisplaysCorrectValues" time="0.500"/>
  <testcase classname="com.selenium.emi_Tests.emiTest" name="testPieChartDisplaysCorrectValues" time="0.447"/>
  <testcase classname="com.selenium.emi_Tests.emiTest" name="testPieChartDisplaysCorrectValues" time="0.472"/>
  <testcase classname="com.selenium.emi_Tests.emiTest" name="testPieChartDisplaysCorrectValues" time="0.467"/>
  <testcase classname="com.selenium.emi_Tests.emiTest" name="testPieChartDisplaysCorrectValues" time="0.899"/>
  <testcase classname="com.selenium.emi_Tests.emiTest" name="testPieChartUpdatesAfterRecalculation" time="1.426"/>
  <testcase classname="com.selenium.emi_Tests.emiTest" name="testPieChartUpdatesAfterRecalculation" time="0.732"/>
  <testcase classname="com.selenium.emi_Tests.emiTest" name="testPieChartUpdatesAfterRecalculation" time="1.258"/>
  <testcase classname="com.selenium.emi_Tests.emiTest" name="testPieChartUpdatesAfterRecalculation" time="0.597"/>
  <testcase classname="com.selenium.emi_Tests.emiTest" name="testPieChartUpdatesAfterRecalculation" time="1.402"/>
  <testcase classname="com.selenium.emi_Tests.emiTest" name="testBenefitsAndRisksDisplayed" time="0.467"/>
  <testcase classname="com.selenium.emi_Tests.emiTest" name="testBenefitsAndRisksDisplayed" time="0.451"/>
  <testcase classname="com.selenium.emi_Tests.emiTest" name="testBenefitsAndRisksDisplayed" time="0.500"/>
  <testcase classname="com.selenium.emi_Tests.emiTest" name="testBenefitsAndRisksDisplayed" time="0.481"/>
  <testcase classname="com.selenium.emi_Tests.emiTest" name="testBenefitsAndRisksDisplayed" time="0.399"/>
  <testcase classname="com.selenium.emi_Tests.emiTest" name="testMinimumInterestRateErrorMessage" time="0.642"/>
  <testcase classname="com.selenium.emi_Tests.emiTest" name="testEMIResultAndTotalPaymentBreakdownDisplayed" time="0.887"/>
  <testcase classname="com.selenium.emi_Tests.emiTest" name="testEMIResultAndTotalPaymentBreakdownDisplayed" time="0.921"/>
  <testcase classname="com.selenium.emi_Tests.emiTest" name="testEMIResultAndTotalPaymentBreakdownDisplayed" time="0.772"/>
  <testcase classname="com.selenium.emi_Tests.emiTest" name="testEMIResultAndTotalPaymentBreakdownDisplayed" time="0.953"/>
  <testcase classname="com.selenium.emi_Tests.emiTest" name="testEMIResultAndTotalPaymentBreakdownDisplayed" time="0.772"/>
  <testcase classname="com.selenium.emi_Tests.emiTest" name="testPrintEMI" time="0.003"/>
  <testcase classname="com.selenium.emi_Tests.emiTest" name="testLogoOverlap" time="0.404">
    <failure message="Elements are overlapping." type="java.lang.AssertionError">
      <![CDATA[java.lang.AssertionError: Elements are overlapping.
at com.selenium.emi_Tests.emiTest.testLogoOverlap(emiTest.java:314)
at java.base/jdk.internal.reflect.DirectMethodHandleAccessor.invoke(DirectMethodHandleAccessor.java:103)
at java.base/java.lang.reflect.Method.invoke(Method.java:580)
at org.testng.internal.invokers.MethodInvocationHelper.invokeMethod(MethodInvocationHelper.java:141)
at org.testng.internal.invokers.TestInvoker.invokeMethod(TestInvoker.java:687)
at org.testng.internal.invokers.TestInvoker.invokeTestMethod(TestInvoker.java:230)
at org.testng.internal.invokers.MethodRunner.runInSequence(MethodRunner.java:63)
at org.testng.internal.invokers.TestInvoker$MethodInvocationAgent.invoke(TestInvoker.java:995)
at org.testng.internal.invokers.TestInvoker.invokeTestMethods(TestInvoker.java:203)
at org.testng.internal.invokers.TestMethodWorker.invokeTestMethods(TestMethodWorker.java:154)
at org.testng.internal.invokers.TestMethodWorker.run(TestMethodWorker.java:134)
at java.base/java.util.ArrayList.forEach(ArrayList.java:1596)
at org.testng.TestRunner.privateRun(TestRunner.java:741)
at org.testng.TestRunner.run(TestRunner.java:616)
at org.testng.SuiteRunner.runTest(SuiteRunner.java:421)
at org.testng.SuiteRunner$SuiteWorker.run(SuiteRunner.java:463)
at org.testng.internal.thread.ThreadUtil.lambda$execute$0(ThreadUtil.java:64)
at java.base/java.util.concurrent.FutureTask.run(FutureTask.java:317)
at java.base/java.util.concurrent.ThreadPoolExecutor.runWorker(ThreadPoolExecutor.java:1144)
at java.base/java.util.concurrent.ThreadPoolExecutor$Worker.run(ThreadPoolExecutor.java:642)
at java.base/java.lang.Thread.run(Thread.java:1583)
]]>
    </failure>
  </testcase> <!-- testLogoOverlap -->
  <testcase classname="com.selenium.emi_Tests.emiTest" name="testInterestOverflow" time="0.816">
    <failure message="Interest amount is overflowing out of the frame. expected [false] but found [true]" type="java.lang.AssertionError">
      <![CDATA[java.lang.AssertionError: Interest amount is overflowing out of the frame. expected [false] but found [true]
at org.testng.Assert.fail(Assert.java:111)
at org.testng.Assert.failNotEquals(Assert.java:1590)
at org.testng.Assert.assertFalse(Assert.java:79)
at com.selenium.emi_Tests.emiTest.testInterestOverflow(emiTest.java:346)
at java.base/jdk.internal.reflect.DirectMethodHandleAccessor.invoke(DirectMethodHandleAccessor.java:103)
at java.base/java.lang.reflect.Method.invoke(Method.java:580)
at org.testng.internal.invokers.MethodInvocationHelper.invokeMethod(MethodInvocationHelper.java:141)
at org.testng.internal.invokers.TestInvoker.invokeMethod(TestInvoker.java:687)
at org.testng.internal.invokers.TestInvoker.invokeTestMethod(TestInvoker.java:230)
at org.testng.internal.invokers.MethodRunner.runInSequence(MethodRunner.java:63)
at org.testng.internal.invokers.TestInvoker$MethodInvocationAgent.invoke(TestInvoker.java:995)
at org.testng.internal.invokers.TestInvoker.invokeTestMethods(TestInvoker.java:203)
at org.testng.internal.invokers.TestMethodWorker.invokeTestMethods(TestMethodWorker.java:154)
at org.testng.internal.invokers.TestMethodWorker.run(TestMethodWorker.java:134)
at java.base/java.util.ArrayList.forEach(ArrayList.java:1596)
at org.testng.TestRunner.privateRun(TestRunner.java:741)
at org.testng.TestRunner.run(TestRunner.java:616)
at org.testng.SuiteRunner.runTest(SuiteRunner.java:421)
at org.testng.SuiteRunner$SuiteWorker.run(SuiteRunner.java:463)
at org.testng.internal.thread.ThreadUtil.lambda$execute$0(ThreadUtil.java:64)
at java.base/java.util.concurrent.FutureTask.run(FutureTask.java:317)
at java.base/java.util.concurrent.ThreadPoolExecutor.runWorker(ThreadPoolExecutor.java:1144)
at java.base/java.util.concurrent.ThreadPoolExecutor$Worker.run(ThreadPoolExecutor.java:642)
at java.base/java.lang.Thread.run(Thread.java:1583)
]]>
    </failure>
  </testcase> <!-- testInterestOverflow -->
  <testcase classname="com.selenium.emi_Tests.emiTest" name="testScrollFunctionality" time="0.438"/>
  <testcase classname="com.selenium.emi_Tests.emiTest" name="testCalculateButtonDisabledForInvalidInterest" time="0.145">
    <failure type="java.lang.AssertionError">
      <![CDATA[java.lang.AssertionError
at com.selenium.emi_Tests.emiTest.testCalculateButtonDisabledForInvalidInterest(emiTest.java:364)
at java.base/jdk.internal.reflect.DirectMethodHandleAccessor.invoke(DirectMethodHandleAccessor.java:103)
at java.base/java.lang.reflect.Method.invoke(Method.java:580)
at org.testng.internal.invokers.MethodInvocationHelper.invokeMethod(MethodInvocationHelper.java:141)
at org.testng.internal.invokers.TestInvoker.invokeMethod(TestInvoker.java:687)
at org.testng.internal.invokers.TestInvoker.invokeTestMethod(TestInvoker.java:230)
at org.testng.internal.invokers.MethodRunner.runInSequence(MethodRunner.java:63)
at org.testng.internal.invokers.TestInvoker$MethodInvocationAgent.invoke(TestInvoker.java:995)
at org.testng.internal.invokers.TestInvoker.invokeTestMethods(TestInvoker.java:203)
at org.testng.internal.invokers.TestMethodWorker.invokeTestMethods(TestMethodWorker.java:154)
at org.testng.internal.invokers.TestMethodWorker.run(TestMethodWorker.java:134)
at java.base/java.util.ArrayList.forEach(ArrayList.java:1596)
at org.testng.TestRunner.privateRun(TestRunner.java:741)
at org.testng.TestRunner.run(TestRunner.java:616)
at org.testng.SuiteRunner.runTest(SuiteRunner.java:421)
at org.testng.SuiteRunner$SuiteWorker.run(SuiteRunner.java:463)
at org.testng.internal.thread.ThreadUtil.lambda$execute$0(ThreadUtil.java:64)
at java.base/java.util.concurrent.FutureTask.run(FutureTask.java:317)
at java.base/java.util.concurrent.ThreadPoolExecutor.runWorker(ThreadPoolExecutor.java:1144)
at java.base/java.util.concurrent.ThreadPoolExecutor$Worker.run(ThreadPoolExecutor.java:642)
at java.base/java.lang.Thread.run(Thread.java:1583)
]]>
    </failure>
  </testcase> <!-- testCalculateButtonDisabledForInvalidInterest -->
  <testcase classname="com.selenium.emi_Tests.emiTest" name="testPieChartInterestCalculationForExtremeInterest" time="0.222">
    <failure message="Pie chart should not be displayed or should show no interest for invalid input." type="java.lang.AssertionError">
      <![CDATA[java.lang.AssertionError: Pie chart should not be displayed or should show no interest for invalid input.
at org.testng.Assert.fail(Assert.java:111)
at com.selenium.emi_Tests.emiTest.testPieChartInterestCalculationForExtremeInterest(emiTest.java:388)
at java.base/jdk.internal.reflect.DirectMethodHandleAccessor.invoke(DirectMethodHandleAccessor.java:103)
at java.base/java.lang.reflect.Method.invoke(Method.java:580)
at org.testng.internal.invokers.MethodInvocationHelper.invokeMethod(MethodInvocationHelper.java:141)
at org.testng.internal.invokers.TestInvoker.invokeMethod(TestInvoker.java:687)
at org.testng.internal.invokers.TestInvoker.invokeTestMethod(TestInvoker.java:230)
at org.testng.internal.invokers.MethodRunner.runInSequence(MethodRunner.java:63)
at org.testng.internal.invokers.TestInvoker$MethodInvocationAgent.invoke(TestInvoker.java:995)
at org.testng.internal.invokers.TestInvoker.invokeTestMethods(TestInvoker.java:203)
at org.testng.internal.invokers.TestMethodWorker.invokeTestMethods(TestMethodWorker.java:154)
at org.testng.internal.invokers.TestMethodWorker.run(TestMethodWorker.java:134)
at java.base/java.util.ArrayList.forEach(ArrayList.java:1596)
at org.testng.TestRunner.privateRun(TestRunner.java:741)
at org.testng.TestRunner.run(TestRunner.java:616)
at org.testng.SuiteRunner.runTest(SuiteRunner.java:421)
at org.testng.SuiteRunner$SuiteWorker.run(SuiteRunner.java:463)
at org.testng.internal.thread.ThreadUtil.lambda$execute$0(ThreadUtil.java:64)
at java.base/java.util.concurrent.FutureTask.run(FutureTask.java:317)
at java.base/java.util.concurrent.ThreadPoolExecutor.runWorker(ThreadPoolExecutor.java:1144)
at java.base/java.util.concurrent.ThreadPoolExecutor$Worker.run(ThreadPoolExecutor.java:642)
at java.base/java.lang.Thread.run(Thread.java:1583)
]]>
    </failure>
  </testcase> <!-- testPieChartInterestCalculationForExtremeInterest -->
  <testcase classname="com.selenium.emi_Tests.emiTest" name="testPaymentTermIsInput" time="0.025">
    <failure type="java.lang.AssertionError">
      <![CDATA[java.lang.AssertionError
at com.selenium.emi_Tests.emiTest.testPaymentTermIsInput(emiTest.java:398)
at java.base/jdk.internal.reflect.DirectMethodHandleAccessor.invoke(DirectMethodHandleAccessor.java:103)
at java.base/java.lang.reflect.Method.invoke(Method.java:580)
at org.testng.internal.invokers.MethodInvocationHelper.invokeMethod(MethodInvocationHelper.java:141)
at org.testng.internal.invokers.TestInvoker.invokeMethod(TestInvoker.java:687)
at org.testng.internal.invokers.TestInvoker.invokeTestMethod(TestInvoker.java:230)
at org.testng.internal.invokers.MethodRunner.runInSequence(MethodRunner.java:63)
at org.testng.internal.invokers.TestInvoker$MethodInvocationAgent.invoke(TestInvoker.java:995)
at org.testng.internal.invokers.TestInvoker.invokeTestMethods(TestInvoker.java:203)
at org.testng.internal.invokers.TestMethodWorker.invokeTestMethods(TestMethodWorker.java:154)
at org.testng.internal.invokers.TestMethodWorker.run(TestMethodWorker.java:134)
at java.base/java.util.ArrayList.forEach(ArrayList.java:1596)
at org.testng.TestRunner.privateRun(TestRunner.java:741)
at org.testng.TestRunner.run(TestRunner.java:616)
at org.testng.SuiteRunner.runTest(SuiteRunner.java:421)
at org.testng.SuiteRunner$SuiteWorker.run(SuiteRunner.java:463)
at org.testng.internal.thread.ThreadUtil.lambda$execute$0(ThreadUtil.java:64)
at java.base/java.util.concurrent.FutureTask.run(FutureTask.java:317)
at java.base/java.util.concurrent.ThreadPoolExecutor.runWorker(ThreadPoolExecutor.java:1144)
at java.base/java.util.concurrent.ThreadPoolExecutor$Worker.run(ThreadPoolExecutor.java:642)
at java.base/java.lang.Thread.run(Thread.java:1583)
]]>
    </failure>
  </testcase> <!-- testPaymentTermIsInput -->
  <testcase classname="com.selenium.emi_Tests.emiTest" name="testPrincipalRounding" time="1.261">
    <failure type="java.lang.AssertionError">
      <![CDATA[java.lang.AssertionError
at com.selenium.emi_Tests.emiTest.testPrincipalRounding(emiTest.java:409)
at java.base/jdk.internal.reflect.DirectMethodHandleAccessor.invoke(DirectMethodHandleAccessor.java:103)
at java.base/java.lang.reflect.Method.invoke(Method.java:580)
at org.testng.internal.invokers.MethodInvocationHelper.invokeMethod(MethodInvocationHelper.java:141)
at org.testng.internal.invokers.TestInvoker.invokeMethod(TestInvoker.java:687)
at org.testng.internal.invokers.TestInvoker.invokeTestMethod(TestInvoker.java:230)
at org.testng.internal.invokers.MethodRunner.runInSequence(MethodRunner.java:63)
at org.testng.internal.invokers.TestInvoker$MethodInvocationAgent.invoke(TestInvoker.java:995)
at org.testng.internal.invokers.TestInvoker.invokeTestMethods(TestInvoker.java:203)
at org.testng.internal.invokers.TestMethodWorker.invokeTestMethods(TestMethodWorker.java:154)
at org.testng.internal.invokers.TestMethodWorker.run(TestMethodWorker.java:134)
at java.base/java.util.ArrayList.forEach(ArrayList.java:1596)
at org.testng.TestRunner.privateRun(TestRunner.java:741)
at org.testng.TestRunner.run(TestRunner.java:616)
at org.testng.SuiteRunner.runTest(SuiteRunner.java:421)
at org.testng.SuiteRunner$SuiteWorker.run(SuiteRunner.java:463)
at org.testng.internal.thread.ThreadUtil.lambda$execute$0(ThreadUtil.java:64)
at java.base/java.util.concurrent.FutureTask.run(FutureTask.java:317)
at java.base/java.util.concurrent.ThreadPoolExecutor.runWorker(ThreadPoolExecutor.java:1144)
at java.base/java.util.concurrent.ThreadPoolExecutor$Worker.run(ThreadPoolExecutor.java:642)
at java.base/java.lang.Thread.run(Thread.java:1583)
]]>
    </failure>
  </testcase> <!-- testPrincipalRounding -->
  <testcase classname="com.selenium.emi_Tests.emiTest" name="testLoanCategory" time="0.368">
    <failure type="java.lang.AssertionError">
      <![CDATA[java.lang.AssertionError
at com.selenium.emi_Tests.emiTest.testLoanCategory(emiTest.java:419)
at java.base/jdk.internal.reflect.DirectMethodHandleAccessor.invoke(DirectMethodHandleAccessor.java:103)
at java.base/java.lang.reflect.Method.invoke(Method.java:580)
at org.testng.internal.invokers.MethodInvocationHelper.invokeMethod(MethodInvocationHelper.java:141)
at org.testng.internal.invokers.TestInvoker.invokeMethod(TestInvoker.java:687)
at org.testng.internal.invokers.TestInvoker.invokeTestMethod(TestInvoker.java:230)
at org.testng.internal.invokers.MethodRunner.runInSequence(MethodRunner.java:63)
at org.testng.internal.invokers.TestInvoker$MethodInvocationAgent.invoke(TestInvoker.java:995)
at org.testng.internal.invokers.TestInvoker.invokeTestMethods(TestInvoker.java:203)
at org.testng.internal.invokers.TestMethodWorker.invokeTestMethods(TestMethodWorker.java:154)
at org.testng.internal.invokers.TestMethodWorker.run(TestMethodWorker.java:134)
at java.base/java.util.ArrayList.forEach(ArrayList.java:1596)
at org.testng.TestRunner.privateRun(TestRunner.java:741)
at org.testng.TestRunner.run(TestRunner.java:616)
at org.testng.SuiteRunner.runTest(SuiteRunner.java:421)
at org.testng.SuiteRunner$SuiteWorker.run(SuiteRunner.java:463)
at org.testng.internal.thread.ThreadUtil.lambda$execute$0(ThreadUtil.java:64)
at java.base/java.util.concurrent.FutureTask.run(FutureTask.java:317)
at java.base/java.util.concurrent.ThreadPoolExecutor.runWorker(ThreadPoolExecutor.java:1144)
at java.base/java.util.concurrent.ThreadPoolExecutor$Worker.run(ThreadPoolExecutor.java:642)
at java.base/java.lang.Thread.run(Thread.java:1583)
]]>
    </failure>
  </testcase> <!-- testLoanCategory -->
  <testcase classname="com.selenium.emi_Tests.emiTest" name="testHighLoanWarning" time="5.792">
    <error message="Expected condition failed: waiting for visibility of [[EdgeDriver: MicrosoftEdge on windows (0b66c3bd3d119497ec00f0a6997590bb)] -&gt; id: highLoanWarning] (tried for 5 second(s) with 500 milliseconds interval)
Build info: version: &#039;4.32.0&#039;, revision: &#039;d17c8aa950&#039;
System info: os.name: &#039;Windows 11&#039;, os.arch: &#039;amd64&#039;, os.version: &#039;10.0&#039;, java.version: &#039;21.0.7&#039;
Driver info: org.openqa.selenium.edge.EdgeDriver
Capabilities {acceptInsecureCerts: false, browserName: MicrosoftEdge, browserVersion: 138.0.3351.65, fedcm:accounts: true, ms:edgeOptions: {debuggerAddress: localhost:55225}, msedge: {msedgedriverVersion: 138.0.3351.65 (81e3782c3ab4..., userDataDir: C:\Users\2401039\AppData\Lo...}, networkConnectionEnabled: false, pageLoadStrategy: normal, platformName: windows, proxy: Proxy(), se:cdp: ws://localhost:55225/devtoo..., se:cdpVersion: 138.0.3351.65, setWindowRect: true, strictFileInteractability: false, timeouts: {implicit: 0, pageLoad: 300000, script: 30000}, unhandledPromptBehavior: dismiss and notify, webauthn:extension:credBlob: true, webauthn:extension:largeBlob: true, webauthn:extension:minPinLength: true, webauthn:extension:prf: true, webauthn:virtualAuthenticators: true}
Session ID: 0b66c3bd3d119497ec00f0a6997590bb" type="org.openqa.selenium.TimeoutException">
      <![CDATA[org.openqa.selenium.TimeoutException: Expected condition failed: waiting for visibility of [[EdgeDriver: MicrosoftEdge on windows (0b66c3bd3d119497ec00f0a6997590bb)] -> id: highLoanWarning] (tried for 5 second(s) with 500 milliseconds interval)
Build info: version: '4.32.0', revision: 'd17c8aa950'
System info: os.name: 'Windows 11', os.arch: 'amd64', os.version: '10.0', java.version: '21.0.7'
Driver info: org.openqa.selenium.edge.EdgeDriver
Capabilities {acceptInsecureCerts: false, browserName: MicrosoftEdge, browserVersion: 138.0.3351.65, fedcm:accounts: true, ms:edgeOptions: {debuggerAddress: localhost:55225}, msedge: {msedgedriverVersion: 138.0.3351.65 (81e3782c3ab4..., userDataDir: C:\Users\2401039\AppData\Lo...}, networkConnectionEnabled: false, pageLoadStrategy: normal, platformName: windows, proxy: Proxy(), se:cdp: ws://localhost:55225/devtoo..., se:cdpVersion: 138.0.3351.65, setWindowRect: true, strictFileInteractability: false, timeouts: {implicit: 0, pageLoad: 300000, script: 30000}, unhandledPromptBehavior: dismiss and notify, webauthn:extension:credBlob: true, webauthn:extension:largeBlob: true, webauthn:extension:minPinLength: true, webauthn:extension:prf: true, webauthn:virtualAuthenticators: true}
Session ID: 0b66c3bd3d119497ec00f0a6997590bb
at org.openqa.selenium.support.ui.WebDriverWait.timeoutException(WebDriverWait.java:84)
at org.openqa.selenium.support.ui.FluentWait.until(FluentWait.java:228)
at com.selenium.emi_Tests.emiTest.testHighLoanWarning(emiTest.java:429)
at java.base/jdk.internal.reflect.DirectMethodHandleAccessor.invoke(DirectMethodHandleAccessor.java:103)
at java.base/java.lang.reflect.Method.invoke(Method.java:580)
at org.testng.internal.invokers.MethodInvocationHelper.invokeMethod(MethodInvocationHelper.java:141)
at org.testng.internal.invokers.TestInvoker.invokeMethod(TestInvoker.java:687)
at org.testng.internal.invokers.TestInvoker.invokeTestMethod(TestInvoker.java:230)
at org.testng.internal.invokers.MethodRunner.runInSequence(MethodRunner.java:63)
at org.testng.internal.invokers.TestInvoker$MethodInvocationAgent.invoke(TestInvoker.java:995)
at org.testng.internal.invokers.TestInvoker.invokeTestMethods(TestInvoker.java:203)
at org.testng.internal.invokers.TestMethodWorker.invokeTestMethods(TestMethodWorker.java:154)
at org.testng.internal.invokers.TestMethodWorker.run(TestMethodWorker.java:134)
at java.base/java.util.ArrayList.forEach(ArrayList.java:1596)
at org.testng.TestRunner.privateRun(TestRunner.java:741)
at org.testng.TestRunner.run(TestRunner.java:616)
at org.testng.SuiteRunner.runTest(SuiteRunner.java:421)
at org.testng.SuiteRunner$SuiteWorker.run(SuiteRunner.java:463)
at org.testng.internal.thread.ThreadUtil.lambda$execute$0(ThreadUtil.java:64)
at java.base/java.util.concurrent.FutureTask.run(FutureTask.java:317)
at java.base/java.util.concurrent.ThreadPoolExecutor.runWorker(ThreadPoolExecutor.java:1144)
at java.base/java.util.concurrent.ThreadPoolExecutor$Worker.run(ThreadPoolExecutor.java:642)
at java.base/java.lang.Thread.run(Thread.java:1583)
]]>
    </error>
  </testcase> <!-- testHighLoanWarning -->
  <testcase classname="com.selenium.emi_Tests.emiTest" name="testCalculateButtonDisabledForExcessiveLoan" time="0.209">
    <failure type="java.lang.AssertionError">
      <![CDATA[java.lang.AssertionError
at com.selenium.emi_Tests.emiTest.testCalculateButtonDisabledForExcessiveLoan(emiTest.java:438)
at java.base/jdk.internal.reflect.DirectMethodHandleAccessor.invoke(DirectMethodHandleAccessor.java:103)
at java.base/java.lang.reflect.Method.invoke(Method.java:580)
at org.testng.internal.invokers.MethodInvocationHelper.invokeMethod(MethodInvocationHelper.java:141)
at org.testng.internal.invokers.TestInvoker.invokeMethod(TestInvoker.java:687)
at org.testng.internal.invokers.TestInvoker.invokeTestMethod(TestInvoker.java:230)
at org.testng.internal.invokers.MethodRunner.runInSequence(MethodRunner.java:63)
at org.testng.internal.invokers.TestInvoker$MethodInvocationAgent.invoke(TestInvoker.java:995)
at org.testng.internal.invokers.TestInvoker.invokeTestMethods(TestInvoker.java:203)
at org.testng.internal.invokers.TestMethodWorker.invokeTestMethods(TestMethodWorker.java:154)
at org.testng.internal.invokers.TestMethodWorker.run(TestMethodWorker.java:134)
at java.base/java.util.ArrayList.forEach(ArrayList.java:1596)
at org.testng.TestRunner.privateRun(TestRunner.java:741)
at org.testng.TestRunner.run(TestRunner.java:616)
at org.testng.SuiteRunner.runTest(SuiteRunner.java:421)
at org.testng.SuiteRunner$SuiteWorker.run(SuiteRunner.java:463)
at org.testng.internal.thread.ThreadUtil.lambda$execute$0(ThreadUtil.java:64)
at java.base/java.util.concurrent.FutureTask.run(FutureTask.java:317)
at java.base/java.util.concurrent.ThreadPoolExecutor.runWorker(ThreadPoolExecutor.java:1144)
at java.base/java.util.concurrent.ThreadPoolExecutor$Worker.run(ThreadPoolExecutor.java:642)
at java.base/java.lang.Thread.run(Thread.java:1583)
]]>
    </failure>
  </testcase> <!-- testCalculateButtonDisabledForExcessiveLoan -->
  <testcase classname="com.selenium.emi_Tests.emiTest" name="testHighLoanWarningForMidRangeAmount" time="0.301">
    <failure type="java.lang.AssertionError">
      <![CDATA[java.lang.AssertionError
at com.selenium.emi_Tests.emiTest.testHighLoanWarningForMidRangeAmount(emiTest.java:450)
at java.base/jdk.internal.reflect.DirectMethodHandleAccessor.invoke(DirectMethodHandleAccessor.java:103)
at java.base/java.lang.reflect.Method.invoke(Method.java:580)
at org.testng.internal.invokers.MethodInvocationHelper.invokeMethod(MethodInvocationHelper.java:141)
at org.testng.internal.invokers.TestInvoker.invokeMethod(TestInvoker.java:687)
at org.testng.internal.invokers.TestInvoker.invokeTestMethod(TestInvoker.java:230)
at org.testng.internal.invokers.MethodRunner.runInSequence(MethodRunner.java:63)
at org.testng.internal.invokers.TestInvoker$MethodInvocationAgent.invoke(TestInvoker.java:995)
at org.testng.internal.invokers.TestInvoker.invokeTestMethods(TestInvoker.java:203)
at org.testng.internal.invokers.TestMethodWorker.invokeTestMethods(TestMethodWorker.java:154)
at org.testng.internal.invokers.TestMethodWorker.run(TestMethodWorker.java:134)
at java.base/java.util.ArrayList.forEach(ArrayList.java:1596)
at org.testng.TestRunner.privateRun(TestRunner.java:741)
at org.testng.TestRunner.run(TestRunner.java:616)
at org.testng.SuiteRunner.runTest(SuiteRunner.java:421)
at org.testng.SuiteRunner$SuiteWorker.run(SuiteRunner.java:463)
at org.testng.internal.thread.ThreadUtil.lambda$execute$0(ThreadUtil.java:64)
at java.base/java.util.concurrent.FutureTask.run(FutureTask.java:317)
at java.base/java.util.concurrent.ThreadPoolExecutor.runWorker(ThreadPoolExecutor.java:1144)
at java.base/java.util.concurrent.ThreadPoolExecutor$Worker.run(ThreadPoolExecutor.java:642)
at java.base/java.lang.Thread.run(Thread.java:1583)
]]>
    </failure>
  </testcase> <!-- testHighLoanWarningForMidRangeAmount -->
</testsuite> <!-- com.selenium.emi_Tests.emiTest -->
