<html>
<head>
<title>TestNG:  EMI Calculator Tests</title>
<link href="../testng.css" rel="stylesheet" type="text/css" />
<link href="../my-testng.css" rel="stylesheet" type="text/css" />

<style type="text/css">
.log { display: none;} 
.stack-trace { display: none;} 
</style>
<script type="text/javascript">
<!--
function flip(e) {
  current = e.style.display;
  if (current == 'block') {
    e.style.display = 'none';
    return 0;
  }
  else {
    e.style.display = 'block';
    return 1;
  }
}

function toggleBox(szDivId, elem, msg1, msg2)
{
  var res = -1;  if (document.getElementById) {
    res = flip(document.getElementById(szDivId));
  }
  else if (document.all) {
    // this is the way old msie versions work
    res = flip(document.all[szDivId]);
  }
  if(elem) {
    if(res == 0) elem.innerHTML = msg1; else elem.innerHTML = msg2;
  }

}

function toggleAllBoxes() {
  if (document.getElementsByTagName) {
    d = document.getElementsByTagName('div');
    for (i = 0; i < d.length; i++) {
      if (d[i].className == 'log') {
        flip(d[i]);
      }
    }
  }
}

// -->
</script>

</head>
<body>
<h2 align='center'>EMI Calculator Tests</h2><table border='1' align="center">
<tr>
<td>Tests passed/Failed/Skipped:</td><td>44/11/0</td>
</tr><tr>
<td>Started on:</td><td>Mon Jun 30 09:50:44 IST 2025</td>
</tr>
<tr><td>Total time:</td><td>49 seconds (49233 ms)</td>
</tr><tr>
<td>Included groups:</td><td></td>
</tr><tr>
<td>Excluded groups:</td><td></td>
</tr>
</table><p/>
<small><i>(Hover the method name to see the test class name)</i></small><p/>
<table width='100%' border='1' class='invocation-failed'>
<tr><td colspan='4' align='center'><b>FAILED TESTS</b></td></tr>
<tr><td><b>Test method</b></td>
<td><b>Attribute(s)</b></td>
<td width="30%"><b>Exception</b></td>
<td width="10%"><b>Time (seconds)</b></td>
<td><b>Instance</b></td>
</tr>
<tr>
<td title='com.selenium.emi_Tests.emiTest.testCalculateButtonDisabledForInvalidInterest()'><b>testCalculateButtonDisabledForInvalidInterest</b><br>Test class: com.selenium.emi_Tests.emiTest</td>
<td><div><pre>java.lang.AssertionError
	at com.selenium.emi_Tests.emiTest.testCalculateButtonDisabledForInvalidInterest(emiTest.java:348)
	at java.base/java.util.ArrayList.forEach(ArrayList.java:1596)
	at java.base/java.util.concurrent.FutureTask.run(FutureTask.java:317)
	at java.base/java.util.concurrent.ThreadPoolExecutor.runWorker(ThreadPoolExecutor.java:1144)
	at java.base/java.util.concurrent.ThreadPoolExecutor$Worker.run(ThreadPoolExecutor.java:642)
	at java.base/java.lang.Thread.run(Thread.java:1583)
... Removed 15 stack frames</pre></div><a href='#' onClick='toggleBox("stack-trace695526900", this, "Click to show all stack frames", "Click to hide stack frames")'>Click to show all stack frames</a>
<div class='stack-trace' id='stack-trace695526900'><pre>java.lang.AssertionError
	at com.selenium.emi_Tests.emiTest.testCalculateButtonDisabledForInvalidInterest(emiTest.java:348)
	at java.base/jdk.internal.reflect.DirectMethodHandleAccessor.invoke(DirectMethodHandleAccessor.java:103)
	at java.base/java.lang.reflect.Method.invoke(Method.java:580)
	at org.testng.internal.invokers.MethodInvocationHelper.invokeMethod(MethodInvocationHelper.java:141)
	at org.testng.internal.invokers.TestInvoker.invokeMethod(TestInvoker.java:687)
	at org.testng.internal.invokers.TestInvoker.invokeTestMethod(TestInvoker.java:230)
	at org.testng.internal.invokers.MethodRunner.runInSequence(MethodRunner.java:63)
	at org.testng.internal.invokers.TestInvoker$MethodInvocationAgent.invoke(TestInvoker.java:995)
	at org.testng.internal.invokers.TestInvoker.invokeTestMethods(TestInvoker.java:203)
	at org.testng.internal.invokers.TestMethodWorker.invokeTestMethods(TestMethodWorker.java:154)
	at org.testng.internal.invokers.TestMethodWorker.run(TestMethodWorker.java:134)
	at java.base/java.util.ArrayList.forEach(ArrayList.java:1596)
	at org.testng.TestRunner.privateRun(TestRunner.java:741)
	at org.testng.TestRunner.run(TestRunner.java:616)
	at org.testng.SuiteRunner.runTest(SuiteRunner.java:421)
	at org.testng.SuiteRunner$SuiteWorker.run(SuiteRunner.java:463)
	at org.testng.internal.thread.ThreadUtil.lambda$execute$0(ThreadUtil.java:64)
	at java.base/java.util.concurrent.FutureTask.run(FutureTask.java:317)
	at java.base/java.util.concurrent.ThreadPoolExecutor.runWorker(ThreadPoolExecutor.java:1144)
	at java.base/java.util.concurrent.ThreadPoolExecutor$Worker.run(ThreadPoolExecutor.java:642)
	at java.base/java.lang.Thread.run(Thread.java:1583)
</pre></div></td>
<td>0</td>
<td>com.selenium.emi_Tests.emiTest@34997338</td></tr>
<tr>
<td title='com.selenium.emi_Tests.emiTest.testLoanCategory()'><b>testLoanCategory</b><br>Test class: com.selenium.emi_Tests.emiTest</td>
<td><div><pre>java.lang.AssertionError
	at com.selenium.emi_Tests.emiTest.testLoanCategory(emiTest.java:403)
	at java.base/java.util.ArrayList.forEach(ArrayList.java:1596)
	at java.base/java.util.concurrent.FutureTask.run(FutureTask.java:317)
	at java.base/java.util.concurrent.ThreadPoolExecutor.runWorker(ThreadPoolExecutor.java:1144)
	at java.base/java.util.concurrent.ThreadPoolExecutor$Worker.run(ThreadPoolExecutor.java:642)
	at java.base/java.lang.Thread.run(Thread.java:1583)
... Removed 15 stack frames</pre></div><a href='#' onClick='toggleBox("stack-trace260826362", this, "Click to show all stack frames", "Click to hide stack frames")'>Click to show all stack frames</a>
<div class='stack-trace' id='stack-trace260826362'><pre>java.lang.AssertionError
	at com.selenium.emi_Tests.emiTest.testLoanCategory(emiTest.java:403)
	at java.base/jdk.internal.reflect.DirectMethodHandleAccessor.invoke(DirectMethodHandleAccessor.java:103)
	at java.base/java.lang.reflect.Method.invoke(Method.java:580)
	at org.testng.internal.invokers.MethodInvocationHelper.invokeMethod(MethodInvocationHelper.java:141)
	at org.testng.internal.invokers.TestInvoker.invokeMethod(TestInvoker.java:687)
	at org.testng.internal.invokers.TestInvoker.invokeTestMethod(TestInvoker.java:230)
	at org.testng.internal.invokers.MethodRunner.runInSequence(MethodRunner.java:63)
	at org.testng.internal.invokers.TestInvoker$MethodInvocationAgent.invoke(TestInvoker.java:995)
	at org.testng.internal.invokers.TestInvoker.invokeTestMethods(TestInvoker.java:203)
	at org.testng.internal.invokers.TestMethodWorker.invokeTestMethods(TestMethodWorker.java:154)
	at org.testng.internal.invokers.TestMethodWorker.run(TestMethodWorker.java:134)
	at java.base/java.util.ArrayList.forEach(ArrayList.java:1596)
	at org.testng.TestRunner.privateRun(TestRunner.java:741)
	at org.testng.TestRunner.run(TestRunner.java:616)
	at org.testng.SuiteRunner.runTest(SuiteRunner.java:421)
	at org.testng.SuiteRunner$SuiteWorker.run(SuiteRunner.java:463)
	at org.testng.internal.thread.ThreadUtil.lambda$execute$0(ThreadUtil.java:64)
	at java.base/java.util.concurrent.FutureTask.run(FutureTask.java:317)
	at java.base/java.util.concurrent.ThreadPoolExecutor.runWorker(ThreadPoolExecutor.java:1144)
	at java.base/java.util.concurrent.ThreadPoolExecutor$Worker.run(ThreadPoolExecutor.java:642)
	at java.base/java.lang.Thread.run(Thread.java:1583)
</pre></div></td>
<td>0</td>
<td>com.selenium.emi_Tests.emiTest@34997338</td></tr>
<tr>
<td title='com.selenium.emi_Tests.emiTest.testPaymentTermIsInput()'><b>testPaymentTermIsInput</b><br>Test class: com.selenium.emi_Tests.emiTest</td>
<td><div><pre>java.lang.AssertionError
	at com.selenium.emi_Tests.emiTest.testPaymentTermIsInput(emiTest.java:382)
	at java.base/java.util.ArrayList.forEach(ArrayList.java:1596)
	at java.base/java.util.concurrent.FutureTask.run(FutureTask.java:317)
	at java.base/java.util.concurrent.ThreadPoolExecutor.runWorker(ThreadPoolExecutor.java:1144)
	at java.base/java.util.concurrent.ThreadPoolExecutor$Worker.run(ThreadPoolExecutor.java:642)
	at java.base/java.lang.Thread.run(Thread.java:1583)
... Removed 15 stack frames</pre></div><a href='#' onClick='toggleBox("stack-trace45983912", this, "Click to show all stack frames", "Click to hide stack frames")'>Click to show all stack frames</a>
<div class='stack-trace' id='stack-trace45983912'><pre>java.lang.AssertionError
	at com.selenium.emi_Tests.emiTest.testPaymentTermIsInput(emiTest.java:382)
	at java.base/jdk.internal.reflect.DirectMethodHandleAccessor.invoke(DirectMethodHandleAccessor.java:103)
	at java.base/java.lang.reflect.Method.invoke(Method.java:580)
	at org.testng.internal.invokers.MethodInvocationHelper.invokeMethod(MethodInvocationHelper.java:141)
	at org.testng.internal.invokers.TestInvoker.invokeMethod(TestInvoker.java:687)
	at org.testng.internal.invokers.TestInvoker.invokeTestMethod(TestInvoker.java:230)
	at org.testng.internal.invokers.MethodRunner.runInSequence(MethodRunner.java:63)
	at org.testng.internal.invokers.TestInvoker$MethodInvocationAgent.invoke(TestInvoker.java:995)
	at org.testng.internal.invokers.TestInvoker.invokeTestMethods(TestInvoker.java:203)
	at org.testng.internal.invokers.TestMethodWorker.invokeTestMethods(TestMethodWorker.java:154)
	at org.testng.internal.invokers.TestMethodWorker.run(TestMethodWorker.java:134)
	at java.base/java.util.ArrayList.forEach(ArrayList.java:1596)
	at org.testng.TestRunner.privateRun(TestRunner.java:741)
	at org.testng.TestRunner.run(TestRunner.java:616)
	at org.testng.SuiteRunner.runTest(SuiteRunner.java:421)
	at org.testng.SuiteRunner$SuiteWorker.run(SuiteRunner.java:463)
	at org.testng.internal.thread.ThreadUtil.lambda$execute$0(ThreadUtil.java:64)
	at java.base/java.util.concurrent.FutureTask.run(FutureTask.java:317)
	at java.base/java.util.concurrent.ThreadPoolExecutor.runWorker(ThreadPoolExecutor.java:1144)
	at java.base/java.util.concurrent.ThreadPoolExecutor$Worker.run(ThreadPoolExecutor.java:642)
	at java.base/java.lang.Thread.run(Thread.java:1583)
</pre></div></td>
<td>0</td>
<td>com.selenium.emi_Tests.emiTest@34997338</td></tr>
<tr>
<td title='com.selenium.emi_Tests.emiTest.testHighLoanWarning()'><b>testHighLoanWarning</b><br>Test class: com.selenium.emi_Tests.emiTest</td>
<td><div><pre>org.openqa.selenium.TimeoutException: Expected condition failed: waiting for visibility of [[EdgeDriver: MicrosoftEdge on windows (51fc4ab2a248877067f6fccbe4f95051)] -&gt; id: highLoanWarning] (tried for 5 second(s) with 500 milliseconds interval)
Build info: version: &apos;4.32.0&apos;, revision: &apos;d17c8aa950&apos;
System info: os.name: &apos;Windows 11&apos;, os.arch: &apos;amd64&apos;, os.version: &apos;10.0&apos;, java.version: &apos;21.0.5&apos;
Driver info: org.openqa.selenium.edge.EdgeDriver
Capabilities {acceptInsecureCerts: false, browserName: MicrosoftEdge, browserVersion: 138.0.3351.55, fedcm:accounts: true, ms:edgeOptions: {debuggerAddress: localhost:63391}, msedge: {msedgedriverVersion: 138.0.3351.55 (3171b71f28b7..., userDataDir: C:\Users\2400615\AppData\Lo...}, networkConnectionEnabled: false, pageLoadStrategy: normal, platformName: windows, proxy: Proxy(), se:cdp: ws://localhost:63391/devtoo..., se:cdpVersion: 138.0.3351.55, setWindowRect: true, strictFileInteractability: false, timeouts: {implicit: 0, pageLoad: 300000, script: 30000}, unhandledPromptBehavior: dismiss and notify, webauthn:extension:credBlob: true, webauthn:extension:largeBlob: true, webauthn:extension:minPinLength: true, webauthn:extension:prf: true, webauthn:virtualAuthenticators: true}
Session ID: 51fc4ab2a248877067f6fccbe4f95051
	at org.openqa.selenium.support.ui.WebDriverWait.timeoutException(WebDriverWait.java:84)
	at org.openqa.selenium.support.ui.FluentWait.until(FluentWait.java:228)
	at com.selenium.emi_Tests.emiTest.testHighLoanWarning(emiTest.java:413)
	at java.base/java.util.ArrayList.forEach(ArrayList.java:1596)
	at java.base/java.util.concurrent.FutureTask.run(FutureTask.java:317)
	at java.base/java.util.concurrent.ThreadPoolExecutor.runWorker(ThreadPoolExecutor.java:1144)
	at java.base/java.util.concurrent.ThreadPoolExecutor$Worker.run(ThreadPoolExecutor.java:642)
	at java.base/java.lang.Thread.run(Thread.java:1583)
... Removed 15 stack frames</pre></div><a href='#' onClick='toggleBox("stack-trace401864085", this, "Click to show all stack frames", "Click to hide stack frames")'>Click to show all stack frames</a>
<div class='stack-trace' id='stack-trace401864085'><pre>org.openqa.selenium.TimeoutException: Expected condition failed: waiting for visibility of [[EdgeDriver: MicrosoftEdge on windows (51fc4ab2a248877067f6fccbe4f95051)] -&gt; id: highLoanWarning] (tried for 5 second(s) with 500 milliseconds interval)
Build info: version: &apos;4.32.0&apos;, revision: &apos;d17c8aa950&apos;
System info: os.name: &apos;Windows 11&apos;, os.arch: &apos;amd64&apos;, os.version: &apos;10.0&apos;, java.version: &apos;21.0.5&apos;
Driver info: org.openqa.selenium.edge.EdgeDriver
Capabilities {acceptInsecureCerts: false, browserName: MicrosoftEdge, browserVersion: 138.0.3351.55, fedcm:accounts: true, ms:edgeOptions: {debuggerAddress: localhost:63391}, msedge: {msedgedriverVersion: 138.0.3351.55 (3171b71f28b7..., userDataDir: C:\Users\2400615\AppData\Lo...}, networkConnectionEnabled: false, pageLoadStrategy: normal, platformName: windows, proxy: Proxy(), se:cdp: ws://localhost:63391/devtoo..., se:cdpVersion: 138.0.3351.55, setWindowRect: true, strictFileInteractability: false, timeouts: {implicit: 0, pageLoad: 300000, script: 30000}, unhandledPromptBehavior: dismiss and notify, webauthn:extension:credBlob: true, webauthn:extension:largeBlob: true, webauthn:extension:minPinLength: true, webauthn:extension:prf: true, webauthn:virtualAuthenticators: true}
Session ID: 51fc4ab2a248877067f6fccbe4f95051
	at org.openqa.selenium.support.ui.WebDriverWait.timeoutException(WebDriverWait.java:84)
	at org.openqa.selenium.support.ui.FluentWait.until(FluentWait.java:228)
	at com.selenium.emi_Tests.emiTest.testHighLoanWarning(emiTest.java:413)
	at java.base/jdk.internal.reflect.DirectMethodHandleAccessor.invoke(DirectMethodHandleAccessor.java:103)
	at java.base/java.lang.reflect.Method.invoke(Method.java:580)
	at org.testng.internal.invokers.MethodInvocationHelper.invokeMethod(MethodInvocationHelper.java:141)
	at org.testng.internal.invokers.TestInvoker.invokeMethod(TestInvoker.java:687)
	at org.testng.internal.invokers.TestInvoker.invokeTestMethod(TestInvoker.java:230)
	at org.testng.internal.invokers.MethodRunner.runInSequence(MethodRunner.java:63)
	at org.testng.internal.invokers.TestInvoker$MethodInvocationAgent.invoke(TestInvoker.java:995)
	at org.testng.internal.invokers.TestInvoker.invokeTestMethods(TestInvoker.java:203)
	at org.testng.internal.invokers.TestMethodWorker.invokeTestMethods(TestMethodWorker.java:154)
	at org.testng.internal.invokers.TestMethodWorker.run(TestMethodWorker.java:134)
	at java.base/java.util.ArrayList.forEach(ArrayList.java:1596)
	at org.testng.TestRunner.privateRun(TestRunner.java:741)
	at org.testng.TestRunner.run(TestRunner.java:616)
	at org.testng.SuiteRunner.runTest(SuiteRunner.java:421)
	at org.testng.SuiteRunner$SuiteWorker.run(SuiteRunner.java:463)
	at org.testng.internal.thread.ThreadUtil.lambda$execute$0(ThreadUtil.java:64)
	at java.base/java.util.concurrent.FutureTask.run(FutureTask.java:317)
	at java.base/java.util.concurrent.ThreadPoolExecutor.runWorker(ThreadPoolExecutor.java:1144)
	at java.base/java.util.concurrent.ThreadPoolExecutor$Worker.run(ThreadPoolExecutor.java:642)
	at java.base/java.lang.Thread.run(Thread.java:1583)
</pre></div></td>
<td>5</td>
<td>com.selenium.emi_Tests.emiTest@34997338</td></tr>
<tr>
<td title='com.selenium.emi_Tests.emiTest.testInterestOverflow()'><b>testInterestOverflow</b><br>Test class: com.selenium.emi_Tests.emiTest</td>
<td><div><pre>java.lang.AssertionError: ❌ Interest amount is overflowing out of the frame. expected [false] but found [true]
	at com.selenium.emi_Tests.emiTest.testInterestOverflow(emiTest.java:330)
	at java.base/java.util.ArrayList.forEach(ArrayList.java:1596)
	at java.base/java.util.concurrent.FutureTask.run(FutureTask.java:317)
	at java.base/java.util.concurrent.ThreadPoolExecutor.runWorker(ThreadPoolExecutor.java:1144)
	at java.base/java.util.concurrent.ThreadPoolExecutor$Worker.run(ThreadPoolExecutor.java:642)
	at java.base/java.lang.Thread.run(Thread.java:1583)
... Removed 18 stack frames</pre></div><a href='#' onClick='toggleBox("stack-trace1307616823", this, "Click to show all stack frames", "Click to hide stack frames")'>Click to show all stack frames</a>
<div class='stack-trace' id='stack-trace1307616823'><pre>java.lang.AssertionError: ❌ Interest amount is overflowing out of the frame. expected [false] but found [true]
	at org.testng.Assert.fail(Assert.java:111)
	at org.testng.Assert.failNotEquals(Assert.java:1590)
	at org.testng.Assert.assertFalse(Assert.java:79)
	at com.selenium.emi_Tests.emiTest.testInterestOverflow(emiTest.java:330)
	at java.base/jdk.internal.reflect.DirectMethodHandleAccessor.invoke(DirectMethodHandleAccessor.java:103)
	at java.base/java.lang.reflect.Method.invoke(Method.java:580)
	at org.testng.internal.invokers.MethodInvocationHelper.invokeMethod(MethodInvocationHelper.java:141)
	at org.testng.internal.invokers.TestInvoker.invokeMethod(TestInvoker.java:687)
	at org.testng.internal.invokers.TestInvoker.invokeTestMethod(TestInvoker.java:230)
	at org.testng.internal.invokers.MethodRunner.runInSequence(MethodRunner.java:63)
	at org.testng.internal.invokers.TestInvoker$MethodInvocationAgent.invoke(TestInvoker.java:995)
	at org.testng.internal.invokers.TestInvoker.invokeTestMethods(TestInvoker.java:203)
	at org.testng.internal.invokers.TestMethodWorker.invokeTestMethods(TestMethodWorker.java:154)
	at org.testng.internal.invokers.TestMethodWorker.run(TestMethodWorker.java:134)
	at java.base/java.util.ArrayList.forEach(ArrayList.java:1596)
	at org.testng.TestRunner.privateRun(TestRunner.java:741)
	at org.testng.TestRunner.run(TestRunner.java:616)
	at org.testng.SuiteRunner.runTest(SuiteRunner.java:421)
	at org.testng.SuiteRunner$SuiteWorker.run(SuiteRunner.java:463)
	at org.testng.internal.thread.ThreadUtil.lambda$execute$0(ThreadUtil.java:64)
	at java.base/java.util.concurrent.FutureTask.run(FutureTask.java:317)
	at java.base/java.util.concurrent.ThreadPoolExecutor.runWorker(ThreadPoolExecutor.java:1144)
	at java.base/java.util.concurrent.ThreadPoolExecutor$Worker.run(ThreadPoolExecutor.java:642)
	at java.base/java.lang.Thread.run(Thread.java:1583)
</pre></div></td>
<td>0</td>
<td>com.selenium.emi_Tests.emiTest@34997338</td></tr>
<tr>
<td title='com.selenium.emi_Tests.emiTest.testPieChartInterestCalculationForExtremeInterest()'><b>testPieChartInterestCalculationForExtremeInterest</b><br>Test class: com.selenium.emi_Tests.emiTest</td>
<td><div><pre>java.lang.AssertionError: ❌ Pie chart should not be displayed or should show no interest for invalid input.
	at com.selenium.emi_Tests.emiTest.testPieChartInterestCalculationForExtremeInterest(emiTest.java:372)
	at java.base/java.util.ArrayList.forEach(ArrayList.java:1596)
	at java.base/java.util.concurrent.FutureTask.run(FutureTask.java:317)
	at java.base/java.util.concurrent.ThreadPoolExecutor.runWorker(ThreadPoolExecutor.java:1144)
	at java.base/java.util.concurrent.ThreadPoolExecutor$Worker.run(ThreadPoolExecutor.java:642)
	at java.base/java.lang.Thread.run(Thread.java:1583)
... Removed 16 stack frames</pre></div><a href='#' onClick='toggleBox("stack-trace1332997380", this, "Click to show all stack frames", "Click to hide stack frames")'>Click to show all stack frames</a>
<div class='stack-trace' id='stack-trace1332997380'><pre>java.lang.AssertionError: ❌ Pie chart should not be displayed or should show no interest for invalid input.
	at org.testng.Assert.fail(Assert.java:111)
	at com.selenium.emi_Tests.emiTest.testPieChartInterestCalculationForExtremeInterest(emiTest.java:372)
	at java.base/jdk.internal.reflect.DirectMethodHandleAccessor.invoke(DirectMethodHandleAccessor.java:103)
	at java.base/java.lang.reflect.Method.invoke(Method.java:580)
	at org.testng.internal.invokers.MethodInvocationHelper.invokeMethod(MethodInvocationHelper.java:141)
	at org.testng.internal.invokers.TestInvoker.invokeMethod(TestInvoker.java:687)
	at org.testng.internal.invokers.TestInvoker.invokeTestMethod(TestInvoker.java:230)
	at org.testng.internal.invokers.MethodRunner.runInSequence(MethodRunner.java:63)
	at org.testng.internal.invokers.TestInvoker$MethodInvocationAgent.invoke(TestInvoker.java:995)
	at org.testng.internal.invokers.TestInvoker.invokeTestMethods(TestInvoker.java:203)
	at org.testng.internal.invokers.TestMethodWorker.invokeTestMethods(TestMethodWorker.java:154)
	at org.testng.internal.invokers.TestMethodWorker.run(TestMethodWorker.java:134)
	at java.base/java.util.ArrayList.forEach(ArrayList.java:1596)
	at org.testng.TestRunner.privateRun(TestRunner.java:741)
	at org.testng.TestRunner.run(TestRunner.java:616)
	at org.testng.SuiteRunner.runTest(SuiteRunner.java:421)
	at org.testng.SuiteRunner$SuiteWorker.run(SuiteRunner.java:463)
	at org.testng.internal.thread.ThreadUtil.lambda$execute$0(ThreadUtil.java:64)
	at java.base/java.util.concurrent.FutureTask.run(FutureTask.java:317)
	at java.base/java.util.concurrent.ThreadPoolExecutor.runWorker(ThreadPoolExecutor.java:1144)
	at java.base/java.util.concurrent.ThreadPoolExecutor$Worker.run(ThreadPoolExecutor.java:642)
	at java.base/java.lang.Thread.run(Thread.java:1583)
</pre></div></td>
<td>0</td>
<td>com.selenium.emi_Tests.emiTest@34997338</td></tr>
<tr>
<td title='com.selenium.emi_Tests.emiTest.testCalculateButtonDisabledForExcessiveLoan()'><b>testCalculateButtonDisabledForExcessiveLoan</b><br>Test class: com.selenium.emi_Tests.emiTest</td>
<td><div><pre>java.lang.AssertionError
	at com.selenium.emi_Tests.emiTest.testCalculateButtonDisabledForExcessiveLoan(emiTest.java:422)
	at java.base/java.util.ArrayList.forEach(ArrayList.java:1596)
	at java.base/java.util.concurrent.FutureTask.run(FutureTask.java:317)
	at java.base/java.util.concurrent.ThreadPoolExecutor.runWorker(ThreadPoolExecutor.java:1144)
	at java.base/java.util.concurrent.ThreadPoolExecutor$Worker.run(ThreadPoolExecutor.java:642)
	at java.base/java.lang.Thread.run(Thread.java:1583)
... Removed 15 stack frames</pre></div><a href='#' onClick='toggleBox("stack-trace2074731518", this, "Click to show all stack frames", "Click to hide stack frames")'>Click to show all stack frames</a>
<div class='stack-trace' id='stack-trace2074731518'><pre>java.lang.AssertionError
	at com.selenium.emi_Tests.emiTest.testCalculateButtonDisabledForExcessiveLoan(emiTest.java:422)
	at java.base/jdk.internal.reflect.DirectMethodHandleAccessor.invoke(DirectMethodHandleAccessor.java:103)
	at java.base/java.lang.reflect.Method.invoke(Method.java:580)
	at org.testng.internal.invokers.MethodInvocationHelper.invokeMethod(MethodInvocationHelper.java:141)
	at org.testng.internal.invokers.TestInvoker.invokeMethod(TestInvoker.java:687)
	at org.testng.internal.invokers.TestInvoker.invokeTestMethod(TestInvoker.java:230)
	at org.testng.internal.invokers.MethodRunner.runInSequence(MethodRunner.java:63)
	at org.testng.internal.invokers.TestInvoker$MethodInvocationAgent.invoke(TestInvoker.java:995)
	at org.testng.internal.invokers.TestInvoker.invokeTestMethods(TestInvoker.java:203)
	at org.testng.internal.invokers.TestMethodWorker.invokeTestMethods(TestMethodWorker.java:154)
	at org.testng.internal.invokers.TestMethodWorker.run(TestMethodWorker.java:134)
	at java.base/java.util.ArrayList.forEach(ArrayList.java:1596)
	at org.testng.TestRunner.privateRun(TestRunner.java:741)
	at org.testng.TestRunner.run(TestRunner.java:616)
	at org.testng.SuiteRunner.runTest(SuiteRunner.java:421)
	at org.testng.SuiteRunner$SuiteWorker.run(SuiteRunner.java:463)
	at org.testng.internal.thread.ThreadUtil.lambda$execute$0(ThreadUtil.java:64)
	at java.base/java.util.concurrent.FutureTask.run(FutureTask.java:317)
	at java.base/java.util.concurrent.ThreadPoolExecutor.runWorker(ThreadPoolExecutor.java:1144)
	at java.base/java.util.concurrent.ThreadPoolExecutor$Worker.run(ThreadPoolExecutor.java:642)
	at java.base/java.lang.Thread.run(Thread.java:1583)
</pre></div></td>
<td>0</td>
<td>com.selenium.emi_Tests.emiTest@34997338</td></tr>
<tr>
<td title='com.selenium.emi_Tests.emiTest.testLogoOverlap()'><b>testLogoOverlap</b><br>Test class: com.selenium.emi_Tests.emiTest</td>
<td><div><pre>java.lang.AssertionError: Elements are overlapping.
	at com.selenium.emi_Tests.emiTest.testLogoOverlap(emiTest.java:298)
	at java.base/java.util.ArrayList.forEach(ArrayList.java:1596)
	at java.base/java.util.concurrent.FutureTask.run(FutureTask.java:317)
	at java.base/java.util.concurrent.ThreadPoolExecutor.runWorker(ThreadPoolExecutor.java:1144)
	at java.base/java.util.concurrent.ThreadPoolExecutor$Worker.run(ThreadPoolExecutor.java:642)
	at java.base/java.lang.Thread.run(Thread.java:1583)
... Removed 15 stack frames</pre></div><a href='#' onClick='toggleBox("stack-trace369059975", this, "Click to show all stack frames", "Click to hide stack frames")'>Click to show all stack frames</a>
<div class='stack-trace' id='stack-trace369059975'><pre>java.lang.AssertionError: Elements are overlapping.
	at com.selenium.emi_Tests.emiTest.testLogoOverlap(emiTest.java:298)
	at java.base/jdk.internal.reflect.DirectMethodHandleAccessor.invoke(DirectMethodHandleAccessor.java:103)
	at java.base/java.lang.reflect.Method.invoke(Method.java:580)
	at org.testng.internal.invokers.MethodInvocationHelper.invokeMethod(MethodInvocationHelper.java:141)
	at org.testng.internal.invokers.TestInvoker.invokeMethod(TestInvoker.java:687)
	at org.testng.internal.invokers.TestInvoker.invokeTestMethod(TestInvoker.java:230)
	at org.testng.internal.invokers.MethodRunner.runInSequence(MethodRunner.java:63)
	at org.testng.internal.invokers.TestInvoker$MethodInvocationAgent.invoke(TestInvoker.java:995)
	at org.testng.internal.invokers.TestInvoker.invokeTestMethods(TestInvoker.java:203)
	at org.testng.internal.invokers.TestMethodWorker.invokeTestMethods(TestMethodWorker.java:154)
	at org.testng.internal.invokers.TestMethodWorker.run(TestMethodWorker.java:134)
	at java.base/java.util.ArrayList.forEach(ArrayList.java:1596)
	at org.testng.TestRunner.privateRun(TestRunner.java:741)
	at org.testng.TestRunner.run(TestRunner.java:616)
	at org.testng.SuiteRunner.runTest(SuiteRunner.java:421)
	at org.testng.SuiteRunner$SuiteWorker.run(SuiteRunner.java:463)
	at org.testng.internal.thread.ThreadUtil.lambda$execute$0(ThreadUtil.java:64)
	at java.base/java.util.concurrent.FutureTask.run(FutureTask.java:317)
	at java.base/java.util.concurrent.ThreadPoolExecutor.runWorker(ThreadPoolExecutor.java:1144)
	at java.base/java.util.concurrent.ThreadPoolExecutor$Worker.run(ThreadPoolExecutor.java:642)
	at java.base/java.lang.Thread.run(Thread.java:1583)
</pre></div></td>
<td>0</td>
<td>com.selenium.emi_Tests.emiTest@34997338</td></tr>
<tr>
<td title='com.selenium.emi_Tests.emiTest.testScrollFunctionality()'><b>testScrollFunctionality</b><br>Test class: com.selenium.emi_Tests.emiTest</td>
<td><div><pre>java.lang.ClassCastException: class java.lang.Double cannot be cast to class java.lang.Long (java.lang.Double and java.lang.Long are in module java.base of loader &apos;bootstrap&apos;)
	at com.selenium.emi_Tests.emiTest.testScrollFunctionality(emiTest.java:337)
	at java.base/java.util.ArrayList.forEach(ArrayList.java:1596)
	at java.base/java.util.concurrent.FutureTask.run(FutureTask.java:317)
	at java.base/java.util.concurrent.ThreadPoolExecutor.runWorker(ThreadPoolExecutor.java:1144)
	at java.base/java.util.concurrent.ThreadPoolExecutor$Worker.run(ThreadPoolExecutor.java:642)
	at java.base/java.lang.Thread.run(Thread.java:1583)
... Removed 15 stack frames</pre></div><a href='#' onClick='toggleBox("stack-trace1058165193", this, "Click to show all stack frames", "Click to hide stack frames")'>Click to show all stack frames</a>
<div class='stack-trace' id='stack-trace1058165193'><pre>java.lang.ClassCastException: class java.lang.Double cannot be cast to class java.lang.Long (java.lang.Double and java.lang.Long are in module java.base of loader &apos;bootstrap&apos;)
	at com.selenium.emi_Tests.emiTest.testScrollFunctionality(emiTest.java:337)
	at java.base/jdk.internal.reflect.DirectMethodHandleAccessor.invoke(DirectMethodHandleAccessor.java:103)
	at java.base/java.lang.reflect.Method.invoke(Method.java:580)
	at org.testng.internal.invokers.MethodInvocationHelper.invokeMethod(MethodInvocationHelper.java:141)
	at org.testng.internal.invokers.TestInvoker.invokeMethod(TestInvoker.java:687)
	at org.testng.internal.invokers.TestInvoker.invokeTestMethod(TestInvoker.java:230)
	at org.testng.internal.invokers.MethodRunner.runInSequence(MethodRunner.java:63)
	at org.testng.internal.invokers.TestInvoker$MethodInvocationAgent.invoke(TestInvoker.java:995)
	at org.testng.internal.invokers.TestInvoker.invokeTestMethods(TestInvoker.java:203)
	at org.testng.internal.invokers.TestMethodWorker.invokeTestMethods(TestMethodWorker.java:154)
	at org.testng.internal.invokers.TestMethodWorker.run(TestMethodWorker.java:134)
	at java.base/java.util.ArrayList.forEach(ArrayList.java:1596)
	at org.testng.TestRunner.privateRun(TestRunner.java:741)
	at org.testng.TestRunner.run(TestRunner.java:616)
	at org.testng.SuiteRunner.runTest(SuiteRunner.java:421)
	at org.testng.SuiteRunner$SuiteWorker.run(SuiteRunner.java:463)
	at org.testng.internal.thread.ThreadUtil.lambda$execute$0(ThreadUtil.java:64)
	at java.base/java.util.concurrent.FutureTask.run(FutureTask.java:317)
	at java.base/java.util.concurrent.ThreadPoolExecutor.runWorker(ThreadPoolExecutor.java:1144)
	at java.base/java.util.concurrent.ThreadPoolExecutor$Worker.run(ThreadPoolExecutor.java:642)
	at java.base/java.lang.Thread.run(Thread.java:1583)
</pre></div></td>
<td>0</td>
<td>com.selenium.emi_Tests.emiTest@34997338</td></tr>
<tr>
<td title='com.selenium.emi_Tests.emiTest.testPrincipalRounding()'><b>testPrincipalRounding</b><br>Test class: com.selenium.emi_Tests.emiTest</td>
<td><div><pre>java.lang.AssertionError
	at com.selenium.emi_Tests.emiTest.testPrincipalRounding(emiTest.java:393)
	at java.base/java.util.ArrayList.forEach(ArrayList.java:1596)
	at java.base/java.util.concurrent.FutureTask.run(FutureTask.java:317)
	at java.base/java.util.concurrent.ThreadPoolExecutor.runWorker(ThreadPoolExecutor.java:1144)
	at java.base/java.util.concurrent.ThreadPoolExecutor$Worker.run(ThreadPoolExecutor.java:642)
	at java.base/java.lang.Thread.run(Thread.java:1583)
... Removed 15 stack frames</pre></div><a href='#' onClick='toggleBox("stack-trace430462452", this, "Click to show all stack frames", "Click to hide stack frames")'>Click to show all stack frames</a>
<div class='stack-trace' id='stack-trace430462452'><pre>java.lang.AssertionError
	at com.selenium.emi_Tests.emiTest.testPrincipalRounding(emiTest.java:393)
	at java.base/jdk.internal.reflect.DirectMethodHandleAccessor.invoke(DirectMethodHandleAccessor.java:103)
	at java.base/java.lang.reflect.Method.invoke(Method.java:580)
	at org.testng.internal.invokers.MethodInvocationHelper.invokeMethod(MethodInvocationHelper.java:141)
	at org.testng.internal.invokers.TestInvoker.invokeMethod(TestInvoker.java:687)
	at org.testng.internal.invokers.TestInvoker.invokeTestMethod(TestInvoker.java:230)
	at org.testng.internal.invokers.MethodRunner.runInSequence(MethodRunner.java:63)
	at org.testng.internal.invokers.TestInvoker$MethodInvocationAgent.invoke(TestInvoker.java:995)
	at org.testng.internal.invokers.TestInvoker.invokeTestMethods(TestInvoker.java:203)
	at org.testng.internal.invokers.TestMethodWorker.invokeTestMethods(TestMethodWorker.java:154)
	at org.testng.internal.invokers.TestMethodWorker.run(TestMethodWorker.java:134)
	at java.base/java.util.ArrayList.forEach(ArrayList.java:1596)
	at org.testng.TestRunner.privateRun(TestRunner.java:741)
	at org.testng.TestRunner.run(TestRunner.java:616)
	at org.testng.SuiteRunner.runTest(SuiteRunner.java:421)
	at org.testng.SuiteRunner$SuiteWorker.run(SuiteRunner.java:463)
	at org.testng.internal.thread.ThreadUtil.lambda$execute$0(ThreadUtil.java:64)
	at java.base/java.util.concurrent.FutureTask.run(FutureTask.java:317)
	at java.base/java.util.concurrent.ThreadPoolExecutor.runWorker(ThreadPoolExecutor.java:1144)
	at java.base/java.util.concurrent.ThreadPoolExecutor$Worker.run(ThreadPoolExecutor.java:642)
	at java.base/java.lang.Thread.run(Thread.java:1583)
</pre></div></td>
<td>1</td>
<td>com.selenium.emi_Tests.emiTest@34997338</td></tr>
<tr>
<td title='com.selenium.emi_Tests.emiTest.testHighLoanWarningForMidRangeAmount()'><b>testHighLoanWarningForMidRangeAmount</b><br>Test class: com.selenium.emi_Tests.emiTest</td>
<td><div><pre>java.lang.AssertionError
	at com.selenium.emi_Tests.emiTest.testHighLoanWarningForMidRangeAmount(emiTest.java:434)
	at java.base/java.util.ArrayList.forEach(ArrayList.java:1596)
	at java.base/java.util.concurrent.FutureTask.run(FutureTask.java:317)
	at java.base/java.util.concurrent.ThreadPoolExecutor.runWorker(ThreadPoolExecutor.java:1144)
	at java.base/java.util.concurrent.ThreadPoolExecutor$Worker.run(ThreadPoolExecutor.java:642)
	at java.base/java.lang.Thread.run(Thread.java:1583)
... Removed 15 stack frames</pre></div><a href='#' onClick='toggleBox("stack-trace624115695", this, "Click to show all stack frames", "Click to hide stack frames")'>Click to show all stack frames</a>
<div class='stack-trace' id='stack-trace624115695'><pre>java.lang.AssertionError
	at com.selenium.emi_Tests.emiTest.testHighLoanWarningForMidRangeAmount(emiTest.java:434)
	at java.base/jdk.internal.reflect.DirectMethodHandleAccessor.invoke(DirectMethodHandleAccessor.java:103)
	at java.base/java.lang.reflect.Method.invoke(Method.java:580)
	at org.testng.internal.invokers.MethodInvocationHelper.invokeMethod(MethodInvocationHelper.java:141)
	at org.testng.internal.invokers.TestInvoker.invokeMethod(TestInvoker.java:687)
	at org.testng.internal.invokers.TestInvoker.invokeTestMethod(TestInvoker.java:230)
	at org.testng.internal.invokers.MethodRunner.runInSequence(MethodRunner.java:63)
	at org.testng.internal.invokers.TestInvoker$MethodInvocationAgent.invoke(TestInvoker.java:995)
	at org.testng.internal.invokers.TestInvoker.invokeTestMethods(TestInvoker.java:203)
	at org.testng.internal.invokers.TestMethodWorker.invokeTestMethods(TestMethodWorker.java:154)
	at org.testng.internal.invokers.TestMethodWorker.run(TestMethodWorker.java:134)
	at java.base/java.util.ArrayList.forEach(ArrayList.java:1596)
	at org.testng.TestRunner.privateRun(TestRunner.java:741)
	at org.testng.TestRunner.run(TestRunner.java:616)
	at org.testng.SuiteRunner.runTest(SuiteRunner.java:421)
	at org.testng.SuiteRunner$SuiteWorker.run(SuiteRunner.java:463)
	at org.testng.internal.thread.ThreadUtil.lambda$execute$0(ThreadUtil.java:64)
	at java.base/java.util.concurrent.FutureTask.run(FutureTask.java:317)
	at java.base/java.util.concurrent.ThreadPoolExecutor.runWorker(ThreadPoolExecutor.java:1144)
	at java.base/java.util.concurrent.ThreadPoolExecutor$Worker.run(ThreadPoolExecutor.java:642)
	at java.base/java.lang.Thread.run(Thread.java:1583)
</pre></div></td>
<td>0</td>
<td>com.selenium.emi_Tests.emiTest@34997338</td></tr>
</table><p>
<table width='100%' border='1' class='invocation-passed'>
<tr><td colspan='4' align='center'><b>PASSED TESTS</b></td></tr>
<tr><td><b>Test method</b></td>
<td><b>Attribute(s)</b></td>
<td width="30%"><b>Exception</b></td>
<td width="10%"><b>Time (seconds)</b></td>
<td><b>Instance</b></td>
</tr>
<tr>
<td title='com.selenium.emi_Tests.emiTest.testInterestRateFieldIsEnabled()'><b>testInterestRateFieldIsEnabled</b><br>Test class: com.selenium.emi_Tests.emiTest</td>
<td></td>
<td>0</td>
<td>com.selenium.emi_Tests.emiTest@34997338</td></tr>
<tr>
<td title='com.selenium.emi_Tests.emiTest.testEMIResultAndTotalPaymentBreakdownDisplayed()'><b>testEMIResultAndTotalPaymentBreakdownDisplayed</b><br>Test class: com.selenium.emi_Tests.emiTest<br>Parameters: 300000.0, 11.0, 48 months</td>
<td></td>
<td>0</td>
<td>com.selenium.emi_Tests.emiTest@34997338</td></tr>
<tr>
<td title='com.selenium.emi_Tests.emiTest.testEMICalculationFormulaCorrectness()'><b>testEMICalculationFormulaCorrectness</b><br>Test class: com.selenium.emi_Tests.emiTest<br>Parameters: 150000.0, 9.0, 36 months</td>
<td></td>
<td>0</td>
<td>com.selenium.emi_Tests.emiTest@34997338</td></tr>
<tr>
<td title='com.selenium.emi_Tests.emiTest.testValidEMICalculation()'><b>testValidEMICalculation</b><br>Test class: com.selenium.emi_Tests.emiTest<br>Parameters: 300000.0, 11.0, 48 months</td>
<td></td>
<td>0</td>
<td>com.selenium.emi_Tests.emiTest@34997338</td></tr>
<tr>
<td title='com.selenium.emi_Tests.emiTest.testPieChartDisplaysCorrectValues()'><b>testPieChartDisplaysCorrectValues</b><br>Test class: com.selenium.emi_Tests.emiTest<br>Parameters: 300000.0, 11.0, 48 months</td>
<td></td>
<td>0</td>
<td>com.selenium.emi_Tests.emiTest@34997338</td></tr>
<tr>
<td title='com.selenium.emi_Tests.emiTest.testPieChartDisplaysCorrectValues()'><b>testPieChartDisplaysCorrectValues</b><br>Test class: com.selenium.emi_Tests.emiTest<br>Parameters: 100000.0, 10.0, 12 months</td>
<td></td>
<td>0</td>
<td>com.selenium.emi_Tests.emiTest@34997338</td></tr>
<tr>
<td title='com.selenium.emi_Tests.emiTest.testPieChartUpdatesAfterRecalculation()'><b>testPieChartUpdatesAfterRecalculation</b><br>Test class: com.selenium.emi_Tests.emiTest<br>Parameters: 300000.0, 11.0, 48 months</td>
<td></td>
<td>0</td>
<td>com.selenium.emi_Tests.emiTest@34997338</td></tr>
<tr>
<td title='com.selenium.emi_Tests.emiTest.testPrintEMI()'><b>testPrintEMI</b><br>Test class: com.selenium.emi_Tests.emiTest</td>
<td></td>
<td>0</td>
<td>com.selenium.emi_Tests.emiTest@34997338</td></tr>
<tr>
<td title='com.selenium.emi_Tests.emiTest.testValidEMICalculation()'><b>testValidEMICalculation</b><br>Test class: com.selenium.emi_Tests.emiTest<br>Parameters: 50000.0, 7.5, 12 months</td>
<td></td>
<td>0</td>
<td>com.selenium.emi_Tests.emiTest@34997338</td></tr>
<tr>
<td title='com.selenium.emi_Tests.emiTest.testBenefitsAndRisksDisplayed()'><b>testBenefitsAndRisksDisplayed</b><br>Test class: com.selenium.emi_Tests.emiTest<br>Parameters: 50000.0, 7.5, 12 months</td>
<td></td>
<td>0</td>
<td>com.selenium.emi_Tests.emiTest@34997338</td></tr>
<tr>
<td title='com.selenium.emi_Tests.emiTest.testLoanCategory5000()'><b>testLoanCategory5000</b><br>Test class: com.selenium.emi_Tests.emiTest</td>
<td></td>
<td>0</td>
<td>com.selenium.emi_Tests.emiTest@34997338</td></tr>
<tr>
<td title='com.selenium.emi_Tests.emiTest.testPieChartDisplaysCorrectValues()'><b>testPieChartDisplaysCorrectValues</b><br>Test class: com.selenium.emi_Tests.emiTest<br>Parameters: 150000.0, 9.0, 36 months</td>
<td></td>
<td>0</td>
<td>com.selenium.emi_Tests.emiTest@34997338</td></tr>
<tr>
<td title='com.selenium.emi_Tests.emiTest.testPrincipalAmountFieldIsEnabled()'><b>testPrincipalAmountFieldIsEnabled</b><br>Test class: com.selenium.emi_Tests.emiTest</td>
<td></td>
<td>0</td>
<td>com.selenium.emi_Tests.emiTest@34997338</td></tr>
<tr>
<td title='com.selenium.emi_Tests.emiTest.testEMIResultIsDisplayed()'><b>testEMIResultIsDisplayed</b><br>Test class: com.selenium.emi_Tests.emiTest<br>Parameters: 100000.0, 10.0, 12 months</td>
<td></td>
<td>2</td>
<td>com.selenium.emi_Tests.emiTest@34997338</td></tr>
<tr>
<td title='com.selenium.emi_Tests.emiTest.testPieChartDisplaysCorrectValues()'><b>testPieChartDisplaysCorrectValues</b><br>Test class: com.selenium.emi_Tests.emiTest<br>Parameters: 200000.0, 8.5, 24 months</td>
<td></td>
<td>0</td>
<td>com.selenium.emi_Tests.emiTest@34997338</td></tr>
<tr>
<td title='com.selenium.emi_Tests.emiTest.testPieChartUpdatesAfterRecalculation()'><b>testPieChartUpdatesAfterRecalculation</b><br>Test class: com.selenium.emi_Tests.emiTest<br>Parameters: 100000.0, 10.0, 12 months</td>
<td></td>
<td>0</td>
<td>com.selenium.emi_Tests.emiTest@34997338</td></tr>
<tr>
<td title='com.selenium.emi_Tests.emiTest.testPieChartUpdatesAfterRecalculation()'><b>testPieChartUpdatesAfterRecalculation</b><br>Test class: com.selenium.emi_Tests.emiTest<br>Parameters: 50000.0, 7.5, 12 months</td>
<td></td>
<td>0</td>
<td>com.selenium.emi_Tests.emiTest@34997338</td></tr>
<tr>
<td title='com.selenium.emi_Tests.emiTest.testPaymentTermFieldIsEnabled()'><b>testPaymentTermFieldIsEnabled</b><br>Test class: com.selenium.emi_Tests.emiTest</td>
<td></td>
<td>0</td>
<td>com.selenium.emi_Tests.emiTest@34997338</td></tr>
<tr>
<td title='com.selenium.emi_Tests.emiTest.testLoanCategory500001()'><b>testLoanCategory500001</b><br>Test class: com.selenium.emi_Tests.emiTest</td>
<td></td>
<td>0</td>
<td>com.selenium.emi_Tests.emiTest@34997338</td></tr>
<tr>
<td title='com.selenium.emi_Tests.emiTest.testEMICalculationFormulaCorrectness()'><b>testEMICalculationFormulaCorrectness</b><br>Test class: com.selenium.emi_Tests.emiTest<br>Parameters: 100000.0, 10.0, 12 months</td>
<td></td>
<td>0</td>
<td>com.selenium.emi_Tests.emiTest@34997338</td></tr>
<tr>
<td title='com.selenium.emi_Tests.emiTest.testEMICalculationFormulaCorrectness()'><b>testEMICalculationFormulaCorrectness</b><br>Test class: com.selenium.emi_Tests.emiTest<br>Parameters: 200000.0, 8.5, 24 months</td>
<td></td>
<td>0</td>
<td>com.selenium.emi_Tests.emiTest@34997338</td></tr>
<tr>
<td title='com.selenium.emi_Tests.emiTest.testEMICalculationFormulaCorrectness()'><b>testEMICalculationFormulaCorrectness</b><br>Test class: com.selenium.emi_Tests.emiTest<br>Parameters: 50000.0, 7.5, 12 months</td>
<td></td>
<td>0</td>
<td>com.selenium.emi_Tests.emiTest@34997338</td></tr>
<tr>
<td title='com.selenium.emi_Tests.emiTest.testEMIResultIsDisplayed()'><b>testEMIResultIsDisplayed</b><br>Test class: com.selenium.emi_Tests.emiTest<br>Parameters: 150000.0, 9.0, 36 months</td>
<td></td>
<td>2</td>
<td>com.selenium.emi_Tests.emiTest@34997338</td></tr>
<tr>
<td title='com.selenium.emi_Tests.emiTest.testPieChartUpdatesAfterRecalculation()'><b>testPieChartUpdatesAfterRecalculation</b><br>Test class: com.selenium.emi_Tests.emiTest<br>Parameters: 200000.0, 8.5, 24 months</td>
<td></td>
<td>0</td>
<td>com.selenium.emi_Tests.emiTest@34997338</td></tr>
<tr>
<td title='com.selenium.emi_Tests.emiTest.testNavigationToEMICalculator()'><b>testNavigationToEMICalculator</b><br>Test class: com.selenium.emi_Tests.emiTest</td>
<td></td>
<td>0</td>
<td>com.selenium.emi_Tests.emiTest@34997338</td></tr>
<tr>
<td title='com.selenium.emi_Tests.emiTest.testMinimumInterestRateErrorMessage()'><b>testMinimumInterestRateErrorMessage</b><br>Test class: com.selenium.emi_Tests.emiTest</td>
<td></td>
<td>0</td>
<td>com.selenium.emi_Tests.emiTest@34997338</td></tr>
<tr>
<td title='com.selenium.emi_Tests.emiTest.testEMIResultIsDisplayed()'><b>testEMIResultIsDisplayed</b><br>Test class: com.selenium.emi_Tests.emiTest<br>Parameters: 50000.0, 7.5, 12 months</td>
<td></td>
<td>2</td>
<td>com.selenium.emi_Tests.emiTest@34997338</td></tr>
<tr>
<td title='com.selenium.emi_Tests.emiTest.testEMIResultAndTotalPaymentBreakdownDisplayed()'><b>testEMIResultAndTotalPaymentBreakdownDisplayed</b><br>Test class: com.selenium.emi_Tests.emiTest<br>Parameters: 150000.0, 9.0, 36 months</td>
<td></td>
<td>0</td>
<td>com.selenium.emi_Tests.emiTest@34997338</td></tr>
<tr>
<td title='com.selenium.emi_Tests.emiTest.testLoanCategory50001()'><b>testLoanCategory50001</b><br>Test class: com.selenium.emi_Tests.emiTest</td>
<td></td>
<td>0</td>
<td>com.selenium.emi_Tests.emiTest@34997338</td></tr>
<tr>
<td title='com.selenium.emi_Tests.emiTest.testEMICalculationFormulaCorrectness()'><b>testEMICalculationFormulaCorrectness</b><br>Test class: com.selenium.emi_Tests.emiTest<br>Parameters: 300000.0, 11.0, 48 months</td>
<td></td>
<td>0</td>
<td>com.selenium.emi_Tests.emiTest@34997338</td></tr>
<tr>
<td title='com.selenium.emi_Tests.emiTest.testBenefitsAndRisksDisplayed()'><b>testBenefitsAndRisksDisplayed</b><br>Test class: com.selenium.emi_Tests.emiTest<br>Parameters: 100000.0, 10.0, 12 months</td>
<td></td>
<td>0</td>
<td>com.selenium.emi_Tests.emiTest@34997338</td></tr>
<tr>
<td title='com.selenium.emi_Tests.emiTest.testEMIResultAndTotalPaymentBreakdownDisplayed()'><b>testEMIResultAndTotalPaymentBreakdownDisplayed</b><br>Test class: com.selenium.emi_Tests.emiTest<br>Parameters: 50000.0, 7.5, 12 months</td>
<td></td>
<td>0</td>
<td>com.selenium.emi_Tests.emiTest@34997338</td></tr>
<tr>
<td title='com.selenium.emi_Tests.emiTest.testValidEMICalculation()'><b>testValidEMICalculation</b><br>Test class: com.selenium.emi_Tests.emiTest<br>Parameters: 200000.0, 8.5, 24 months</td>
<td></td>
<td>0</td>
<td>com.selenium.emi_Tests.emiTest@34997338</td></tr>
<tr>
<td title='com.selenium.emi_Tests.emiTest.testBenefitsAndRisksDisplayed()'><b>testBenefitsAndRisksDisplayed</b><br>Test class: com.selenium.emi_Tests.emiTest<br>Parameters: 200000.0, 8.5, 24 months</td>
<td></td>
<td>0</td>
<td>com.selenium.emi_Tests.emiTest@34997338</td></tr>
<tr>
<td title='com.selenium.emi_Tests.emiTest.testValidEMICalculation()'><b>testValidEMICalculation</b><br>Test class: com.selenium.emi_Tests.emiTest<br>Parameters: 150000.0, 9.0, 36 months</td>
<td></td>
<td>0</td>
<td>com.selenium.emi_Tests.emiTest@34997338</td></tr>
<tr>
<td title='com.selenium.emi_Tests.emiTest.testEMIResultAndTotalPaymentBreakdownDisplayed()'><b>testEMIResultAndTotalPaymentBreakdownDisplayed</b><br>Test class: com.selenium.emi_Tests.emiTest<br>Parameters: 200000.0, 8.5, 24 months</td>
<td></td>
<td>0</td>
<td>com.selenium.emi_Tests.emiTest@34997338</td></tr>
<tr>
<td title='com.selenium.emi_Tests.emiTest.testPieChartUpdatesAfterRecalculation()'><b>testPieChartUpdatesAfterRecalculation</b><br>Test class: com.selenium.emi_Tests.emiTest<br>Parameters: 150000.0, 9.0, 36 months</td>
<td></td>
<td>0</td>
<td>com.selenium.emi_Tests.emiTest@34997338</td></tr>
<tr>
<td title='com.selenium.emi_Tests.emiTest.testEMIResultAndTotalPaymentBreakdownDisplayed()'><b>testEMIResultAndTotalPaymentBreakdownDisplayed</b><br>Test class: com.selenium.emi_Tests.emiTest<br>Parameters: 100000.0, 10.0, 12 months</td>
<td></td>
<td>0</td>
<td>com.selenium.emi_Tests.emiTest@34997338</td></tr>
<tr>
<td title='com.selenium.emi_Tests.emiTest.testValidEMICalculation()'><b>testValidEMICalculation</b><br>Test class: com.selenium.emi_Tests.emiTest<br>Parameters: 100000.0, 10.0, 12 months</td>
<td></td>
<td>0</td>
<td>com.selenium.emi_Tests.emiTest@34997338</td></tr>
<tr>
<td title='com.selenium.emi_Tests.emiTest.testBenefitsAndRisksDisplayed()'><b>testBenefitsAndRisksDisplayed</b><br>Test class: com.selenium.emi_Tests.emiTest<br>Parameters: 300000.0, 11.0, 48 months</td>
<td></td>
<td>0</td>
<td>com.selenium.emi_Tests.emiTest@34997338</td></tr>
<tr>
<td title='com.selenium.emi_Tests.emiTest.testEMIResultIsDisplayed()'><b>testEMIResultIsDisplayed</b><br>Test class: com.selenium.emi_Tests.emiTest<br>Parameters: 200000.0, 8.5, 24 months</td>
<td></td>
<td>2</td>
<td>com.selenium.emi_Tests.emiTest@34997338</td></tr>
<tr>
<td title='com.selenium.emi_Tests.emiTest.testBenefitsAndRisksDisplayed()'><b>testBenefitsAndRisksDisplayed</b><br>Test class: com.selenium.emi_Tests.emiTest<br>Parameters: 150000.0, 9.0, 36 months</td>
<td></td>
<td>0</td>
<td>com.selenium.emi_Tests.emiTest@34997338</td></tr>
<tr>
<td title='com.selenium.emi_Tests.emiTest.testPieChartDisplaysCorrectValues()'><b>testPieChartDisplaysCorrectValues</b><br>Test class: com.selenium.emi_Tests.emiTest<br>Parameters: 50000.0, 7.5, 12 months</td>
<td></td>
<td>0</td>
<td>com.selenium.emi_Tests.emiTest@34997338</td></tr>
<tr>
<td title='com.selenium.emi_Tests.emiTest.testEMIResultIsDisplayed()'><b>testEMIResultIsDisplayed</b><br>Test class: com.selenium.emi_Tests.emiTest<br>Parameters: 300000.0, 11.0, 48 months</td>
<td></td>
<td>2</td>
<td>com.selenium.emi_Tests.emiTest@34997338</td></tr>
</table><p>
</body>
</html>