<?xml version="1.0" encoding="UTF-8"?>
<!-- Generated by org.testng.reporters.JUnitXMLReporter -->
<testsuite ignored="0" hostname="LTIN603903" failures="11" tests="55" name="EMI Calculator Tests" time="49.233" errors="0" timestamp="2025-06-30T09:51:33 IST">
  <testcase classname="com.selenium.emi_Tests.emiTest" name="testNavigationToEMICalculator" time="0.056"/>
  <testcase classname="com.selenium.emi_Tests.emiTest" name="testPrincipalAmountFieldIsEnabled" time="0.033"/>
  <testcase classname="com.selenium.emi_Tests.emiTest" name="testInterestRateFieldIsEnabled" time="0.024"/>
  <testcase classname="com.selenium.emi_Tests.emiTest" name="testPaymentTermFieldIsEnabled" time="0.025"/>
  <testcase classname="com.selenium.emi_Tests.emiTest" name="testEMIResultIsDisplayed" time="2.788"/>
  <testcase classname="com.selenium.emi_Tests.emiTest" name="testEMIResultIsDisplayed" time="2.88"/>
  <testcase classname="com.selenium.emi_Tests.emiTest" name="testEMIResultIsDisplayed" time="2.812"/>
  <testcase classname="com.selenium.emi_Tests.emiTest" name="testEMIResultIsDisplayed" time="2.52"/>
  <testcase classname="com.selenium.emi_Tests.emiTest" name="testEMIResultIsDisplayed" time="2.365"/>
  <testcase classname="com.selenium.emi_Tests.emiTest" name="testEMICalculationFormulaCorrectness" time="0.527"/>
  <testcase classname="com.selenium.emi_Tests.emiTest" name="testEMICalculationFormulaCorrectness" time="0.582"/>
  <testcase classname="com.selenium.emi_Tests.emiTest" name="testEMICalculationFormulaCorrectness" time="0.422"/>
  <testcase classname="com.selenium.emi_Tests.emiTest" name="testEMICalculationFormulaCorrectness" time="0.39"/>
  <testcase classname="com.selenium.emi_Tests.emiTest" name="testEMICalculationFormulaCorrectness" time="0.391"/>
  <testcase classname="com.selenium.emi_Tests.emiTest" name="testLoanCategory5000" time="0.17"/>
  <testcase classname="com.selenium.emi_Tests.emiTest" name="testLoanCategory50001" time="0.191"/>
  <testcase classname="com.selenium.emi_Tests.emiTest" name="testLoanCategory500001" time="0.285"/>
  <testcase classname="com.selenium.emi_Tests.emiTest" name="testValidEMICalculation" time="0.385"/>
  <testcase classname="com.selenium.emi_Tests.emiTest" name="testValidEMICalculation" time="0.463"/>
  <testcase classname="com.selenium.emi_Tests.emiTest" name="testValidEMICalculation" time="0.337"/>
  <testcase classname="com.selenium.emi_Tests.emiTest" name="testValidEMICalculation" time="0.385"/>
  <testcase classname="com.selenium.emi_Tests.emiTest" name="testValidEMICalculation" time="0.364"/>
  <testcase classname="com.selenium.emi_Tests.emiTest" name="testPieChartDisplaysCorrectValues" time="0.637"/>
  <testcase classname="com.selenium.emi_Tests.emiTest" name="testPieChartDisplaysCorrectValues" time="0.511"/>
  <testcase classname="com.selenium.emi_Tests.emiTest" name="testPieChartDisplaysCorrectValues" time="0.502"/>
  <testcase classname="com.selenium.emi_Tests.emiTest" name="testPieChartDisplaysCorrectValues" time="0.665"/>
  <testcase classname="com.selenium.emi_Tests.emiTest" name="testPieChartDisplaysCorrectValues" time="0.671"/>
  <testcase classname="com.selenium.emi_Tests.emiTest" name="testPieChartUpdatesAfterRecalculation" time="0.646"/>
  <testcase classname="com.selenium.emi_Tests.emiTest" name="testPieChartUpdatesAfterRecalculation" time="0.571"/>
  <testcase classname="com.selenium.emi_Tests.emiTest" name="testPieChartUpdatesAfterRecalculation" time="0.468"/>
  <testcase classname="com.selenium.emi_Tests.emiTest" name="testPieChartUpdatesAfterRecalculation" time="0.524"/>
  <testcase classname="com.selenium.emi_Tests.emiTest" name="testPieChartUpdatesAfterRecalculation" time="0.991"/>
  <testcase classname="com.selenium.emi_Tests.emiTest" name="testBenefitsAndRisksDisplayed" time="0.291"/>
  <testcase classname="com.selenium.emi_Tests.emiTest" name="testBenefitsAndRisksDisplayed" time="0.343"/>
  <testcase classname="com.selenium.emi_Tests.emiTest" name="testBenefitsAndRisksDisplayed" time="0.422"/>
  <testcase classname="com.selenium.emi_Tests.emiTest" name="testBenefitsAndRisksDisplayed" time="0.694"/>
  <testcase classname="com.selenium.emi_Tests.emiTest" name="testBenefitsAndRisksDisplayed" time="0.742"/>
  <testcase classname="com.selenium.emi_Tests.emiTest" name="testMinimumInterestRateErrorMessage" time="0.748"/>
  <testcase classname="com.selenium.emi_Tests.emiTest" name="testEMIResultAndTotalPaymentBreakdownDisplayed" time="0.426"/>
  <testcase classname="com.selenium.emi_Tests.emiTest" name="testEMIResultAndTotalPaymentBreakdownDisplayed" time="0.46"/>
  <testcase classname="com.selenium.emi_Tests.emiTest" name="testEMIResultAndTotalPaymentBreakdownDisplayed" time="0.31"/>
  <testcase classname="com.selenium.emi_Tests.emiTest" name="testEMIResultAndTotalPaymentBreakdownDisplayed" time="0.395"/>
  <testcase classname="com.selenium.emi_Tests.emiTest" name="testEMIResultAndTotalPaymentBreakdownDisplayed" time="0.314"/>
  <testcase classname="com.selenium.emi_Tests.emiTest" name="testPrintEMI" time="0.001"/>
  <testcase classname="com.selenium.emi_Tests.emiTest" name="testLogoOverlap" time="0.382">
    <failure type="java.lang.AssertionError" message="Elements are overlapping.">
      <![CDATA[java.lang.AssertionError: Elements are overlapping.
at com.selenium.emi_Tests.emiTest.testLogoOverlap(emiTest.java:298)
at java.base/java.util.ArrayList.forEach(ArrayList.java:1596)
at java.base/java.util.concurrent.FutureTask.run(FutureTask.java:317)
at java.base/java.util.concurrent.ThreadPoolExecutor.runWorker(ThreadPoolExecutor.java:1144)
at java.base/java.util.concurrent.ThreadPoolExecutor$Worker.run(ThreadPoolExecutor.java:642)
at java.base/java.lang.Thread.run(Thread.java:1583)
... Removed 15 stack frames]]>
    </failure>
  </testcase> <!-- testLogoOverlap -->
  <testcase classname="com.selenium.emi_Tests.emiTest" name="testInterestOverflow" time="0.575">
    <failure type="java.lang.AssertionError" message="❌ Interest amount is overflowing out of the frame. expected [false] but found [true]">
      <![CDATA[java.lang.AssertionError: ❌ Interest amount is overflowing out of the frame. expected [false] but found [true]
at com.selenium.emi_Tests.emiTest.testInterestOverflow(emiTest.java:330)
at java.base/java.util.ArrayList.forEach(ArrayList.java:1596)
at java.base/java.util.concurrent.FutureTask.run(FutureTask.java:317)
at java.base/java.util.concurrent.ThreadPoolExecutor.runWorker(ThreadPoolExecutor.java:1144)
at java.base/java.util.concurrent.ThreadPoolExecutor$Worker.run(ThreadPoolExecutor.java:642)
at java.base/java.lang.Thread.run(Thread.java:1583)
... Removed 18 stack frames]]>
    </failure>
  </testcase> <!-- testInterestOverflow -->
  <testcase classname="com.selenium.emi_Tests.emiTest" name="testScrollFunctionality" time="0.405">
    <failure type="java.lang.ClassCastException" message="class java.lang.Double cannot be cast to class java.lang.Long (java.lang.Double and java.lang.Long are in module java.base of loader &amp;apos;bootstrap&amp;apos;)">
      <![CDATA[java.lang.ClassCastException: class java.lang.Double cannot be cast to class java.lang.Long (java.lang.Double and java.lang.Long are in module java.base of loader 'bootstrap')
at com.selenium.emi_Tests.emiTest.testScrollFunctionality(emiTest.java:337)
at java.base/java.util.ArrayList.forEach(ArrayList.java:1596)
at java.base/java.util.concurrent.FutureTask.run(FutureTask.java:317)
at java.base/java.util.concurrent.ThreadPoolExecutor.runWorker(ThreadPoolExecutor.java:1144)
at java.base/java.util.concurrent.ThreadPoolExecutor$Worker.run(ThreadPoolExecutor.java:642)
at java.base/java.lang.Thread.run(Thread.java:1583)
... Removed 15 stack frames]]>
    </failure>
  </testcase> <!-- testScrollFunctionality -->
  <testcase classname="com.selenium.emi_Tests.emiTest" name="testCalculateButtonDisabledForInvalidInterest" time="0.165">
    <failure type="java.lang.AssertionError">
      <![CDATA[java.lang.AssertionError
at com.selenium.emi_Tests.emiTest.testCalculateButtonDisabledForInvalidInterest(emiTest.java:348)
at java.base/java.util.ArrayList.forEach(ArrayList.java:1596)
at java.base/java.util.concurrent.FutureTask.run(FutureTask.java:317)
at java.base/java.util.concurrent.ThreadPoolExecutor.runWorker(ThreadPoolExecutor.java:1144)
at java.base/java.util.concurrent.ThreadPoolExecutor$Worker.run(ThreadPoolExecutor.java:642)
at java.base/java.lang.Thread.run(Thread.java:1583)
... Removed 15 stack frames]]>
    </failure>
  </testcase> <!-- testCalculateButtonDisabledForInvalidInterest -->
  <testcase classname="com.selenium.emi_Tests.emiTest" name="testPieChartInterestCalculationForExtremeInterest" time="0.21">
    <failure type="java.lang.AssertionError" message="❌ Pie chart should not be displayed or should show no interest for invalid input.">
      <![CDATA[java.lang.AssertionError: ❌ Pie chart should not be displayed or should show no interest for invalid input.
at com.selenium.emi_Tests.emiTest.testPieChartInterestCalculationForExtremeInterest(emiTest.java:372)
at java.base/java.util.ArrayList.forEach(ArrayList.java:1596)
at java.base/java.util.concurrent.FutureTask.run(FutureTask.java:317)
at java.base/java.util.concurrent.ThreadPoolExecutor.runWorker(ThreadPoolExecutor.java:1144)
at java.base/java.util.concurrent.ThreadPoolExecutor$Worker.run(ThreadPoolExecutor.java:642)
at java.base/java.lang.Thread.run(Thread.java:1583)
... Removed 16 stack frames]]>
    </failure>
  </testcase> <!-- testPieChartInterestCalculationForExtremeInterest -->
  <testcase classname="com.selenium.emi_Tests.emiTest" name="testPaymentTermIsInput" time="0.027">
    <failure type="java.lang.AssertionError">
      <![CDATA[java.lang.AssertionError
at com.selenium.emi_Tests.emiTest.testPaymentTermIsInput(emiTest.java:382)
at java.base/java.util.ArrayList.forEach(ArrayList.java:1596)
at java.base/java.util.concurrent.FutureTask.run(FutureTask.java:317)
at java.base/java.util.concurrent.ThreadPoolExecutor.runWorker(ThreadPoolExecutor.java:1144)
at java.base/java.util.concurrent.ThreadPoolExecutor$Worker.run(ThreadPoolExecutor.java:642)
at java.base/java.lang.Thread.run(Thread.java:1583)
... Removed 15 stack frames]]>
    </failure>
  </testcase> <!-- testPaymentTermIsInput -->
  <testcase classname="com.selenium.emi_Tests.emiTest" name="testPrincipalRounding" time="1.22">
    <failure type="java.lang.AssertionError">
      <![CDATA[java.lang.AssertionError
at com.selenium.emi_Tests.emiTest.testPrincipalRounding(emiTest.java:393)
at java.base/java.util.ArrayList.forEach(ArrayList.java:1596)
at java.base/java.util.concurrent.FutureTask.run(FutureTask.java:317)
at java.base/java.util.concurrent.ThreadPoolExecutor.runWorker(ThreadPoolExecutor.java:1144)
at java.base/java.util.concurrent.ThreadPoolExecutor$Worker.run(ThreadPoolExecutor.java:642)
at java.base/java.lang.Thread.run(Thread.java:1583)
... Removed 15 stack frames]]>
    </failure>
  </testcase> <!-- testPrincipalRounding -->
  <testcase classname="com.selenium.emi_Tests.emiTest" name="testLoanCategory" time="0.439">
    <failure type="java.lang.AssertionError">
      <![CDATA[java.lang.AssertionError
at com.selenium.emi_Tests.emiTest.testLoanCategory(emiTest.java:403)
at java.base/java.util.ArrayList.forEach(ArrayList.java:1596)
at java.base/java.util.concurrent.FutureTask.run(FutureTask.java:317)
at java.base/java.util.concurrent.ThreadPoolExecutor.runWorker(ThreadPoolExecutor.java:1144)
at java.base/java.util.concurrent.ThreadPoolExecutor$Worker.run(ThreadPoolExecutor.java:642)
at java.base/java.lang.Thread.run(Thread.java:1583)
... Removed 15 stack frames]]>
    </failure>
  </testcase> <!-- testLoanCategory -->
  <testcase classname="com.selenium.emi_Tests.emiTest" name="testHighLoanWarning" time="5.635">
    <failure type="org.openqa.selenium.TimeoutException" message="Expected condition failed: waiting for visibility of [[EdgeDriver: MicrosoftEdge on windows (51fc4ab2a248877067f6fccbe4f95051)] -&amp;gt; id: highLoanWarning] (tried for 5 second(s) with 500 milliseconds interval)
Build info: version: &amp;apos;4.32.0&amp;apos;, revision: &amp;apos;d17c8aa950&amp;apos;
System info: os.name: &amp;apos;Windows 11&amp;apos;, os.arch: &amp;apos;amd64&amp;apos;, os.version: &amp;apos;10.0&amp;apos;, java.version: &amp;apos;21.0.5&amp;apos;
Driver info: org.openqa.selenium.edge.EdgeDriver
Capabilities {acceptInsecureCerts: false, browserName: MicrosoftEdge, browserVersion: 138.0.3351.55, fedcm:accounts: true, ms:edgeOptions: {debuggerAddress: localhost:63391}, msedge: {msedgedriverVersion: 138.0.3351.55 (3171b71f28b7..., userDataDir: C:\Users\2400615\AppData\Lo...}, networkConnectionEnabled: false, pageLoadStrategy: normal, platformName: windows, proxy: Proxy(), se:cdp: ws://localhost:63391/devtoo..., se:cdpVersion: 138.0.3351.55, setWindowRect: true, strictFileInteractability: false, timeouts: {implicit: 0, pageLoad: 300000, script: 30000}, unhandledPromptBehavior: dismiss and notify, webauthn:extension:credBlob: true, webauthn:extension:largeBlob: true, webauthn:extension:minPinLength: true, webauthn:extension:prf: true, webauthn:virtualAuthenticators: true}
Session ID: 51fc4ab2a248877067f6fccbe4f95051">
      <![CDATA[org.openqa.selenium.TimeoutException: Expected condition failed: waiting for visibility of [[EdgeDriver: MicrosoftEdge on windows (51fc4ab2a248877067f6fccbe4f95051)] -> id: highLoanWarning] (tried for 5 second(s) with 500 milliseconds interval)
Build info: version: '4.32.0', revision: 'd17c8aa950'
System info: os.name: 'Windows 11', os.arch: 'amd64', os.version: '10.0', java.version: '21.0.5'
Driver info: org.openqa.selenium.edge.EdgeDriver
Capabilities {acceptInsecureCerts: false, browserName: MicrosoftEdge, browserVersion: 138.0.3351.55, fedcm:accounts: true, ms:edgeOptions: {debuggerAddress: localhost:63391}, msedge: {msedgedriverVersion: 138.0.3351.55 (3171b71f28b7..., userDataDir: C:\Users\2400615\AppData\Lo...}, networkConnectionEnabled: false, pageLoadStrategy: normal, platformName: windows, proxy: Proxy(), se:cdp: ws://localhost:63391/devtoo..., se:cdpVersion: 138.0.3351.55, setWindowRect: true, strictFileInteractability: false, timeouts: {implicit: 0, pageLoad: 300000, script: 30000}, unhandledPromptBehavior: dismiss and notify, webauthn:extension:credBlob: true, webauthn:extension:largeBlob: true, webauthn:extension:minPinLength: true, webauthn:extension:prf: true, webauthn:virtualAuthenticators: true}
Session ID: 51fc4ab2a248877067f6fccbe4f95051
at org.openqa.selenium.support.ui.WebDriverWait.timeoutException(WebDriverWait.java:84)
at org.openqa.selenium.support.ui.FluentWait.until(FluentWait.java:228)
at com.selenium.emi_Tests.emiTest.testHighLoanWarning(emiTest.java:413)
at java.base/java.util.ArrayList.forEach(ArrayList.java:1596)
at java.base/java.util.concurrent.FutureTask.run(FutureTask.java:317)
at java.base/java.util.concurrent.ThreadPoolExecutor.runWorker(ThreadPoolExecutor.java:1144)
at java.base/java.util.concurrent.ThreadPoolExecutor$Worker.run(ThreadPoolExecutor.java:642)
at java.base/java.lang.Thread.run(Thread.java:1583)
... Removed 15 stack frames]]>
    </failure>
  </testcase> <!-- testHighLoanWarning -->
  <testcase classname="com.selenium.emi_Tests.emiTest" name="testCalculateButtonDisabledForExcessiveLoan" time="0.147">
    <failure type="java.lang.AssertionError">
      <![CDATA[java.lang.AssertionError
at com.selenium.emi_Tests.emiTest.testCalculateButtonDisabledForExcessiveLoan(emiTest.java:422)
at java.base/java.util.ArrayList.forEach(ArrayList.java:1596)
at java.base/java.util.concurrent.FutureTask.run(FutureTask.java:317)
at java.base/java.util.concurrent.ThreadPoolExecutor.runWorker(ThreadPoolExecutor.java:1144)
at java.base/java.util.concurrent.ThreadPoolExecutor$Worker.run(ThreadPoolExecutor.java:642)
at java.base/java.lang.Thread.run(Thread.java:1583)
... Removed 15 stack frames]]>
    </failure>
  </testcase> <!-- testCalculateButtonDisabledForExcessiveLoan -->
  <testcase classname="com.selenium.emi_Tests.emiTest" name="testHighLoanWarningForMidRangeAmount" time="0.193">
    <failure type="java.lang.AssertionError">
      <![CDATA[java.lang.AssertionError
at com.selenium.emi_Tests.emiTest.testHighLoanWarningForMidRangeAmount(emiTest.java:434)
at java.base/java.util.ArrayList.forEach(ArrayList.java:1596)
at java.base/java.util.concurrent.FutureTask.run(FutureTask.java:317)
at java.base/java.util.concurrent.ThreadPoolExecutor.runWorker(ThreadPoolExecutor.java:1144)
at java.base/java.util.concurrent.ThreadPoolExecutor$Worker.run(ThreadPoolExecutor.java:642)
at java.base/java.lang.Thread.run(Thread.java:1583)
... Removed 15 stack frames]]>
    </failure>
  </testcase> <!-- testHighLoanWarningForMidRangeAmount -->
</testsuite> <!-- EMI Calculator Tests -->
