<?xml version="1.0" encoding="UTF-8"?>
<!-- Generated by org.testng.reporters.JUnitXMLReporter -->
<testsuite ignored="0" hostname="LTIN601842" failures="0" tests="55" name="Default test" time="2.208" errors="0" timestamp="2025-07-05T12:54:10 IST">
  <testcase classname="com.selenium.emi_Tests.BaseTest" name="@BeforeTest setUp" time="-1.75170024868E9">
    <failure type="org.testng.TestNGException" message="
Parameter &amp;apos;browser&amp;apos; is required by BeforeTest on method setUp but has not been marked @Optional or defined
in C:\Users\2401039\AppData\Local\Temp\testng-eclipse--1548386886\testng-customsuite.xml">
      <![CDATA[org.testng.TestNGException: 
Parameter 'browser' is required by BeforeTest on method setUp but has not been marked @Optional or defined
in C:\Users\2401039\AppData\Local\Temp\testng-eclipse--1548386886\testng-customsuite.xml
at org.testng.internal.Parameters.createParams(Parameters.java:264)
at org.testng.internal.Parameters.createParametersForMethod(Parameters.java:352)
at org.testng.internal.Parameters.createParameters(Parameters.java:690)
at org.testng.internal.Parameters.createConfigurationParameters(Parameters.java:163)
at org.testng.internal.invokers.ConfigInvoker.invokeConfigurations(ConfigInvoker.java:313)
at org.testng.TestRunner.invokeTestConfigurations(TestRunner.java:657)
at org.testng.TestRunner.beforeRun(TestRunner.java:646)
at org.testng.TestRunner.run(TestRunner.java:612)
at org.testng.SuiteRunner.runTest(SuiteRunner.java:421)
at org.testng.SuiteRunner.runSequentially(SuiteRunner.java:413)
at org.testng.SuiteRunner.privateRun(SuiteRunner.java:373)
at org.testng.SuiteRunner.run(SuiteRunner.java:312)
at org.testng.SuiteRunnerWorker.runSuite(SuiteRunnerWorker.java:52)
at org.testng.SuiteRunnerWorker.run(SuiteRunnerWorker.java:95)
at org.testng.TestNG.runSuitesSequentially(TestNG.java:1274)
at org.testng.TestNG.runSuitesLocally(TestNG.java:1208)
at org.testng.TestNG.runSuites(TestNG.java:1112)
at org.testng.TestNG.run(TestNG.java:1079)
at org.testng.remote.AbstractRemoteTestNG.run(AbstractRemoteTestNG.java:115)
at org.testng.remote.RemoteTestNG.initAndRun(RemoteTestNG.java:293)
at org.testng.remote.RemoteTestNG.main(RemoteTestNG.java:91)
]]>
    </failure>
  </testcase> <!-- @BeforeTest setUp -->
  <testcase classname="com.selenium.emi_Tests.BaseTest" name="@AfterTest tearDown" time="0.0">
    <skipped/>
  </testcase> <!-- @AfterTest tearDown -->
  <testcase classname="com.selenium.emi_Tests.emiTest" name="testNavigationToEMICalculator" time="0.001">
    <skipped/>
  </testcase> <!-- testNavigationToEMICalculator -->
  <testcase classname="com.selenium.emi_Tests.emiTest" name="testPrincipalAmountFieldIsEnabled" time="0.0">
    <skipped/>
  </testcase> <!-- testPrincipalAmountFieldIsEnabled -->
  <testcase classname="com.selenium.emi_Tests.emiTest" name="testInterestRateFieldIsEnabled" time="0.0">
    <skipped/>
  </testcase> <!-- testInterestRateFieldIsEnabled -->
  <testcase classname="com.selenium.emi_Tests.emiTest" name="testPaymentTermFieldIsEnabled" time="0.0">
    <skipped/>
  </testcase> <!-- testPaymentTermFieldIsEnabled -->
  <testcase classname="com.selenium.emi_Tests.emiTest" name="testEMIResultIsDisplayed" time="0.0">
    <skipped/>
  </testcase> <!-- testEMIResultIsDisplayed -->
  <testcase classname="com.selenium.emi_Tests.emiTest" name="testEMIResultIsDisplayed" time="0.0">
    <skipped/>
  </testcase> <!-- testEMIResultIsDisplayed -->
  <testcase classname="com.selenium.emi_Tests.emiTest" name="testEMIResultIsDisplayed" time="0.0">
    <skipped/>
  </testcase> <!-- testEMIResultIsDisplayed -->
  <testcase classname="com.selenium.emi_Tests.emiTest" name="testEMIResultIsDisplayed" time="0.0">
    <skipped/>
  </testcase> <!-- testEMIResultIsDisplayed -->
  <testcase classname="com.selenium.emi_Tests.emiTest" name="testEMIResultIsDisplayed" time="0.001">
    <skipped/>
  </testcase> <!-- testEMIResultIsDisplayed -->
  <testcase classname="com.selenium.emi_Tests.emiTest" name="testEMICalculationFormulaCorrectness" time="0.001">
    <skipped/>
  </testcase> <!-- testEMICalculationFormulaCorrectness -->
  <testcase classname="com.selenium.emi_Tests.emiTest" name="testEMICalculationFormulaCorrectness" time="0.0">
    <skipped/>
  </testcase> <!-- testEMICalculationFormulaCorrectness -->
  <testcase classname="com.selenium.emi_Tests.emiTest" name="testEMICalculationFormulaCorrectness" time="0.0">
    <skipped/>
  </testcase> <!-- testEMICalculationFormulaCorrectness -->
  <testcase classname="com.selenium.emi_Tests.emiTest" name="testEMICalculationFormulaCorrectness" time="0.0">
    <skipped/>
  </testcase> <!-- testEMICalculationFormulaCorrectness -->
  <testcase classname="com.selenium.emi_Tests.emiTest" name="testEMICalculationFormulaCorrectness" time="0.0">
    <skipped/>
  </testcase> <!-- testEMICalculationFormulaCorrectness -->
  <testcase classname="com.selenium.emi_Tests.emiTest" name="testLoanCategory5000" time="0.0">
    <skipped/>
  </testcase> <!-- testLoanCategory5000 -->
  <testcase classname="com.selenium.emi_Tests.emiTest" name="testLoanCategory50001" time="0.001">
    <skipped/>
  </testcase> <!-- testLoanCategory50001 -->
  <testcase classname="com.selenium.emi_Tests.emiTest" name="testLoanCategory500001" time="0.0">
    <skipped/>
  </testcase> <!-- testLoanCategory500001 -->
  <testcase classname="com.selenium.emi_Tests.emiTest" name="testValidEMICalculation" time="0.0">
    <skipped/>
  </testcase> <!-- testValidEMICalculation -->
  <testcase classname="com.selenium.emi_Tests.emiTest" name="testValidEMICalculation" time="0.0">
    <skipped/>
  </testcase> <!-- testValidEMICalculation -->
  <testcase classname="com.selenium.emi_Tests.emiTest" name="testValidEMICalculation" time="0.0">
    <skipped/>
  </testcase> <!-- testValidEMICalculation -->
  <testcase classname="com.selenium.emi_Tests.emiTest" name="testValidEMICalculation" time="0.0">
    <skipped/>
  </testcase> <!-- testValidEMICalculation -->
  <testcase classname="com.selenium.emi_Tests.emiTest" name="testValidEMICalculation" time="0.001">
    <skipped/>
  </testcase> <!-- testValidEMICalculation -->
  <testcase classname="com.selenium.emi_Tests.emiTest" name="testPieChartDisplaysCorrectValues" time="0.0">
    <skipped/>
  </testcase> <!-- testPieChartDisplaysCorrectValues -->
  <testcase classname="com.selenium.emi_Tests.emiTest" name="testPieChartDisplaysCorrectValues" time="0.0">
    <skipped/>
  </testcase> <!-- testPieChartDisplaysCorrectValues -->
  <testcase classname="com.selenium.emi_Tests.emiTest" name="testPieChartDisplaysCorrectValues" time="0.0">
    <skipped/>
  </testcase> <!-- testPieChartDisplaysCorrectValues -->
  <testcase classname="com.selenium.emi_Tests.emiTest" name="testPieChartDisplaysCorrectValues" time="0.001">
    <skipped/>
  </testcase> <!-- testPieChartDisplaysCorrectValues -->
  <testcase classname="com.selenium.emi_Tests.emiTest" name="testPieChartDisplaysCorrectValues" time="0.0">
    <skipped/>
  </testcase> <!-- testPieChartDisplaysCorrectValues -->
  <testcase classname="com.selenium.emi_Tests.emiTest" name="testPieChartUpdatesAfterRecalculation" time="0.0">
    <skipped/>
  </testcase> <!-- testPieChartUpdatesAfterRecalculation -->
  <testcase classname="com.selenium.emi_Tests.emiTest" name="testPieChartUpdatesAfterRecalculation" time="0.001">
    <skipped/>
  </testcase> <!-- testPieChartUpdatesAfterRecalculation -->
  <testcase classname="com.selenium.emi_Tests.emiTest" name="testPieChartUpdatesAfterRecalculation" time="0.001">
    <skipped/>
  </testcase> <!-- testPieChartUpdatesAfterRecalculation -->
  <testcase classname="com.selenium.emi_Tests.emiTest" name="testPieChartUpdatesAfterRecalculation" time="0.0">
    <skipped/>
  </testcase> <!-- testPieChartUpdatesAfterRecalculation -->
  <testcase classname="com.selenium.emi_Tests.emiTest" name="testPieChartUpdatesAfterRecalculation" time="0.0">
    <skipped/>
  </testcase> <!-- testPieChartUpdatesAfterRecalculation -->
  <testcase classname="com.selenium.emi_Tests.emiTest" name="testBenefitsAndRisksDisplayed" time="0.0">
    <skipped/>
  </testcase> <!-- testBenefitsAndRisksDisplayed -->
  <testcase classname="com.selenium.emi_Tests.emiTest" name="testBenefitsAndRisksDisplayed" time="0.0">
    <skipped/>
  </testcase> <!-- testBenefitsAndRisksDisplayed -->
  <testcase classname="com.selenium.emi_Tests.emiTest" name="testBenefitsAndRisksDisplayed" time="0.001">
    <skipped/>
  </testcase> <!-- testBenefitsAndRisksDisplayed -->
  <testcase classname="com.selenium.emi_Tests.emiTest" name="testBenefitsAndRisksDisplayed" time="0.0">
    <skipped/>
  </testcase> <!-- testBenefitsAndRisksDisplayed -->
  <testcase classname="com.selenium.emi_Tests.emiTest" name="testBenefitsAndRisksDisplayed" time="0.0">
    <skipped/>
  </testcase> <!-- testBenefitsAndRisksDisplayed -->
  <testcase classname="com.selenium.emi_Tests.emiTest" name="testMinimumInterestRateErrorMessage" time="0.0">
    <skipped/>
  </testcase> <!-- testMinimumInterestRateErrorMessage -->
  <testcase classname="com.selenium.emi_Tests.emiTest" name="testEMIResultAndTotalPaymentBreakdownDisplayed" time="0.0">
    <skipped/>
  </testcase> <!-- testEMIResultAndTotalPaymentBreakdownDisplayed -->
  <testcase classname="com.selenium.emi_Tests.emiTest" name="testEMIResultAndTotalPaymentBreakdownDisplayed" time="0.0">
    <skipped/>
  </testcase> <!-- testEMIResultAndTotalPaymentBreakdownDisplayed -->
  <testcase classname="com.selenium.emi_Tests.emiTest" name="testEMIResultAndTotalPaymentBreakdownDisplayed" time="0.0">
    <skipped/>
  </testcase> <!-- testEMIResultAndTotalPaymentBreakdownDisplayed -->
  <testcase classname="com.selenium.emi_Tests.emiTest" name="testEMIResultAndTotalPaymentBreakdownDisplayed" time="0.0">
    <skipped/>
  </testcase> <!-- testEMIResultAndTotalPaymentBreakdownDisplayed -->
  <testcase classname="com.selenium.emi_Tests.emiTest" name="testEMIResultAndTotalPaymentBreakdownDisplayed" time="0.0">
    <skipped/>
  </testcase> <!-- testEMIResultAndTotalPaymentBreakdownDisplayed -->
  <testcase classname="com.selenium.emi_Tests.emiTest" name="testPrintEMI" time="0.0">
    <skipped/>
  </testcase> <!-- testPrintEMI -->
  <testcase classname="com.selenium.emi_Tests.emiTest" name="testLogoOverlap" time="0.0">
    <skipped/>
  </testcase> <!-- testLogoOverlap -->
  <testcase classname="com.selenium.emi_Tests.emiTest" name="testInterestOverflow" time="0.0">
    <skipped/>
  </testcase> <!-- testInterestOverflow -->
  <testcase classname="com.selenium.emi_Tests.emiTest" name="testScrollFunctionality" time="0.0">
    <skipped/>
  </testcase> <!-- testScrollFunctionality -->
  <testcase classname="com.selenium.emi_Tests.emiTest" name="testCalculateButtonDisabledForInvalidInterest" time="0.0">
    <skipped/>
  </testcase> <!-- testCalculateButtonDisabledForInvalidInterest -->
  <testcase classname="com.selenium.emi_Tests.emiTest" name="testPieChartInterestCalculationForExtremeInterest" time="0.0">
    <skipped/>
  </testcase> <!-- testPieChartInterestCalculationForExtremeInterest -->
  <testcase classname="com.selenium.emi_Tests.emiTest" name="testPaymentTermIsInput" time="0.0">
    <skipped/>
  </testcase> <!-- testPaymentTermIsInput -->
  <testcase classname="com.selenium.emi_Tests.emiTest" name="testPrincipalRounding" time="0.0">
    <skipped/>
  </testcase> <!-- testPrincipalRounding -->
  <testcase classname="com.selenium.emi_Tests.emiTest" name="testLoanCategory" time="0.0">
    <skipped/>
  </testcase> <!-- testLoanCategory -->
  <testcase classname="com.selenium.emi_Tests.emiTest" name="testHighLoanWarning" time="0.0">
    <skipped/>
  </testcase> <!-- testHighLoanWarning -->
  <testcase classname="com.selenium.emi_Tests.emiTest" name="testCalculateButtonDisabledForExcessiveLoan" time="0.0">
    <skipped/>
  </testcase> <!-- testCalculateButtonDisabledForExcessiveLoan -->
  <testcase classname="com.selenium.emi_Tests.emiTest" name="testHighLoanWarningForMidRangeAmount" time="0.0">
    <skipped/>
  </testcase> <!-- testHighLoanWarningForMidRangeAmount -->
</testsuite> <!-- Default test -->
