<?xml version="1.0" encoding="UTF-8"?>
<!-- Generated by org.testng.reporters.JUnitXMLReporter -->
<testsuite ignored="0" hostname="LTIN601842" failures="11" tests="55" name="Chrome Test" time="80.951" errors="0" timestamp="2025-07-05T11:56:21 IST">
  <testcase classname="com.selenium.emi_Tests.emiTest" name="testNavigationToEMICalculator" time="0.04"/>
  <testcase classname="com.selenium.emi_Tests.emiTest" name="testPrincipalAmountFieldIsEnabled" time="0.109"/>
  <testcase classname="com.selenium.emi_Tests.emiTest" name="testInterestRateFieldIsEnabled" time="0.078"/>
  <testcase classname="com.selenium.emi_Tests.emiTest" name="testPaymentTermFieldIsEnabled" time="0.075"/>
  <testcase classname="com.selenium.emi_Tests.emiTest" name="testEMIResultIsDisplayed" time="3.45"/>
  <testcase classname="com.selenium.emi_Tests.emiTest" name="testEMIResultIsDisplayed" time="3.0"/>
  <testcase classname="com.selenium.emi_Tests.emiTest" name="testEMIResultIsDisplayed" time="4.149"/>
  <testcase classname="com.selenium.emi_Tests.emiTest" name="testEMIResultIsDisplayed" time="4.373"/>
  <testcase classname="com.selenium.emi_Tests.emiTest" name="testEMIResultIsDisplayed" time="3.252"/>
  <testcase classname="com.selenium.emi_Tests.emiTest" name="testEMICalculationFormulaCorrectness" time="0.981"/>
  <testcase classname="com.selenium.emi_Tests.emiTest" name="testEMICalculationFormulaCorrectness" time="0.944"/>
  <testcase classname="com.selenium.emi_Tests.emiTest" name="testEMICalculationFormulaCorrectness" time="0.938"/>
  <testcase classname="com.selenium.emi_Tests.emiTest" name="testEMICalculationFormulaCorrectness" time="0.978"/>
  <testcase classname="com.selenium.emi_Tests.emiTest" name="testEMICalculationFormulaCorrectness" time="1.016"/>
  <testcase classname="com.selenium.emi_Tests.emiTest" name="testLoanCategory5000" time="0.476"/>
  <testcase classname="com.selenium.emi_Tests.emiTest" name="testLoanCategory50001" time="0.501"/>
  <testcase classname="com.selenium.emi_Tests.emiTest" name="testLoanCategory500001" time="0.505"/>
  <testcase classname="com.selenium.emi_Tests.emiTest" name="testValidEMICalculation" time="0.885"/>
  <testcase classname="com.selenium.emi_Tests.emiTest" name="testValidEMICalculation" time="0.884"/>
  <testcase classname="com.selenium.emi_Tests.emiTest" name="testValidEMICalculation" time="0.842"/>
  <testcase classname="com.selenium.emi_Tests.emiTest" name="testValidEMICalculation" time="0.825"/>
  <testcase classname="com.selenium.emi_Tests.emiTest" name="testValidEMICalculation" time="0.842"/>
  <testcase classname="com.selenium.emi_Tests.emiTest" name="testPieChartDisplaysCorrectValues" time="0.752"/>
  <testcase classname="com.selenium.emi_Tests.emiTest" name="testPieChartDisplaysCorrectValues" time="0.753"/>
  <testcase classname="com.selenium.emi_Tests.emiTest" name="testPieChartDisplaysCorrectValues" time="0.689"/>
  <testcase classname="com.selenium.emi_Tests.emiTest" name="testPieChartDisplaysCorrectValues" time="0.821"/>
  <testcase classname="com.selenium.emi_Tests.emiTest" name="testPieChartDisplaysCorrectValues" time="0.813"/>
  <testcase classname="com.selenium.emi_Tests.emiTest" name="testPieChartUpdatesAfterRecalculation" time="1.133"/>
  <testcase classname="com.selenium.emi_Tests.emiTest" name="testPieChartUpdatesAfterRecalculation" time="1.115"/>
  <testcase classname="com.selenium.emi_Tests.emiTest" name="testPieChartUpdatesAfterRecalculation" time="1.239"/>
  <testcase classname="com.selenium.emi_Tests.emiTest" name="testPieChartUpdatesAfterRecalculation" time="1.149"/>
  <testcase classname="com.selenium.emi_Tests.emiTest" name="testPieChartUpdatesAfterRecalculation" time="1.155"/>
  <testcase classname="com.selenium.emi_Tests.emiTest" name="testBenefitsAndRisksDisplayed" time="0.817"/>
  <testcase classname="com.selenium.emi_Tests.emiTest" name="testBenefitsAndRisksDisplayed" time="0.647"/>
  <testcase classname="com.selenium.emi_Tests.emiTest" name="testBenefitsAndRisksDisplayed" time="0.679"/>
  <testcase classname="com.selenium.emi_Tests.emiTest" name="testBenefitsAndRisksDisplayed" time="0.806"/>
  <testcase classname="com.selenium.emi_Tests.emiTest" name="testBenefitsAndRisksDisplayed" time="0.719"/>
  <testcase classname="com.selenium.emi_Tests.emiTest" name="testMinimumInterestRateErrorMessage" time="1.371"/>
  <testcase classname="com.selenium.emi_Tests.emiTest" name="testEMIResultAndTotalPaymentBreakdownDisplayed" time="0.752"/>
  <testcase classname="com.selenium.emi_Tests.emiTest" name="testEMIResultAndTotalPaymentBreakdownDisplayed" time="0.875"/>
  <testcase classname="com.selenium.emi_Tests.emiTest" name="testEMIResultAndTotalPaymentBreakdownDisplayed" time="0.863"/>
  <testcase classname="com.selenium.emi_Tests.emiTest" name="testEMIResultAndTotalPaymentBreakdownDisplayed" time="0.91"/>
  <testcase classname="com.selenium.emi_Tests.emiTest" name="testEMIResultAndTotalPaymentBreakdownDisplayed" time="0.852"/>
  <testcase classname="com.selenium.emi_Tests.emiTest" name="testPrintEMI" time="0.003"/>
  <testcase classname="com.selenium.emi_Tests.emiTest" name="testLogoOverlap" time="1.027">
    <failure type="java.lang.AssertionError" message="Elements are overlapping.">
      <![CDATA[java.lang.AssertionError: Elements are overlapping.
at com.selenium.emi_Tests.emiTest.testLogoOverlap(emiTest.java:301)
at java.base/java.util.ArrayList.forEach(ArrayList.java:1596)
at java.base/java.util.concurrent.FutureTask.run(FutureTask.java:317)
at java.base/java.util.concurrent.ThreadPoolExecutor.runWorker(ThreadPoolExecutor.java:1144)
at java.base/java.util.concurrent.ThreadPoolExecutor$Worker.run(ThreadPoolExecutor.java:642)
at java.base/java.lang.Thread.run(Thread.java:1583)
... Removed 15 stack frames]]>
    </failure>
  </testcase> <!-- testLogoOverlap -->
  <testcase classname="com.selenium.emi_Tests.emiTest" name="testInterestOverflow" time="1.517">
    <failure type="java.lang.AssertionError" message="Interest amount is overflowing out of the frame. expected [false] but found [true]">
      <![CDATA[java.lang.AssertionError: Interest amount is overflowing out of the frame. expected [false] but found [true]
at com.selenium.emi_Tests.emiTest.testInterestOverflow(emiTest.java:333)
at java.base/java.util.ArrayList.forEach(ArrayList.java:1596)
at java.base/java.util.concurrent.FutureTask.run(FutureTask.java:317)
at java.base/java.util.concurrent.ThreadPoolExecutor.runWorker(ThreadPoolExecutor.java:1144)
at java.base/java.util.concurrent.ThreadPoolExecutor$Worker.run(ThreadPoolExecutor.java:642)
at java.base/java.lang.Thread.run(Thread.java:1583)
... Removed 18 stack frames]]>
    </failure>
  </testcase> <!-- testInterestOverflow -->
  <testcase classname="com.selenium.emi_Tests.emiTest" name="testScrollFunctionality" time="0.421">
    <failure type="java.lang.ClassCastException" message="class java.lang.Double cannot be cast to class java.lang.Long (java.lang.Double and java.lang.Long are in module java.base of loader &amp;apos;bootstrap&amp;apos;)">
      <![CDATA[java.lang.ClassCastException: class java.lang.Double cannot be cast to class java.lang.Long (java.lang.Double and java.lang.Long are in module java.base of loader 'bootstrap')
at com.selenium.emi_Tests.emiTest.testScrollFunctionality(emiTest.java:340)
at java.base/java.util.ArrayList.forEach(ArrayList.java:1596)
at java.base/java.util.concurrent.FutureTask.run(FutureTask.java:317)
at java.base/java.util.concurrent.ThreadPoolExecutor.runWorker(ThreadPoolExecutor.java:1144)
at java.base/java.util.concurrent.ThreadPoolExecutor$Worker.run(ThreadPoolExecutor.java:642)
at java.base/java.lang.Thread.run(Thread.java:1583)
... Removed 15 stack frames]]>
    </failure>
  </testcase> <!-- testScrollFunctionality -->
  <testcase classname="com.selenium.emi_Tests.emiTest" name="testCalculateButtonDisabledForInvalidInterest" time="0.237">
    <failure type="java.lang.AssertionError">
      <![CDATA[java.lang.AssertionError
at com.selenium.emi_Tests.emiTest.testCalculateButtonDisabledForInvalidInterest(emiTest.java:351)
at java.base/java.util.ArrayList.forEach(ArrayList.java:1596)
at java.base/java.util.concurrent.FutureTask.run(FutureTask.java:317)
at java.base/java.util.concurrent.ThreadPoolExecutor.runWorker(ThreadPoolExecutor.java:1144)
at java.base/java.util.concurrent.ThreadPoolExecutor$Worker.run(ThreadPoolExecutor.java:642)
at java.base/java.lang.Thread.run(Thread.java:1583)
... Removed 15 stack frames]]>
    </failure>
  </testcase> <!-- testCalculateButtonDisabledForInvalidInterest -->
  <testcase classname="com.selenium.emi_Tests.emiTest" name="testPieChartInterestCalculationForExtremeInterest" time="0.41">
    <failure type="java.lang.AssertionError" message="Pie chart should not be displayed or should show no interest for invalid input.">
      <![CDATA[java.lang.AssertionError: Pie chart should not be displayed or should show no interest for invalid input.
at com.selenium.emi_Tests.emiTest.testPieChartInterestCalculationForExtremeInterest(emiTest.java:375)
at java.base/java.util.ArrayList.forEach(ArrayList.java:1596)
at java.base/java.util.concurrent.FutureTask.run(FutureTask.java:317)
at java.base/java.util.concurrent.ThreadPoolExecutor.runWorker(ThreadPoolExecutor.java:1144)
at java.base/java.util.concurrent.ThreadPoolExecutor$Worker.run(ThreadPoolExecutor.java:642)
at java.base/java.lang.Thread.run(Thread.java:1583)
... Removed 16 stack frames]]>
    </failure>
  </testcase> <!-- testPieChartInterestCalculationForExtremeInterest -->
  <testcase classname="com.selenium.emi_Tests.emiTest" name="testPaymentTermIsInput" time="0.041">
    <failure type="java.lang.AssertionError">
      <![CDATA[java.lang.AssertionError
at com.selenium.emi_Tests.emiTest.testPaymentTermIsInput(emiTest.java:385)
at java.base/java.util.ArrayList.forEach(ArrayList.java:1596)
at java.base/java.util.concurrent.FutureTask.run(FutureTask.java:317)
at java.base/java.util.concurrent.ThreadPoolExecutor.runWorker(ThreadPoolExecutor.java:1144)
at java.base/java.util.concurrent.ThreadPoolExecutor$Worker.run(ThreadPoolExecutor.java:642)
at java.base/java.lang.Thread.run(Thread.java:1583)
... Removed 15 stack frames]]>
    </failure>
  </testcase> <!-- testPaymentTermIsInput -->
  <testcase classname="com.selenium.emi_Tests.emiTest" name="testPrincipalRounding" time="1.507">
    <failure type="java.lang.AssertionError">
      <![CDATA[java.lang.AssertionError
at com.selenium.emi_Tests.emiTest.testPrincipalRounding(emiTest.java:396)
at java.base/java.util.ArrayList.forEach(ArrayList.java:1596)
at java.base/java.util.concurrent.FutureTask.run(FutureTask.java:317)
at java.base/java.util.concurrent.ThreadPoolExecutor.runWorker(ThreadPoolExecutor.java:1144)
at java.base/java.util.concurrent.ThreadPoolExecutor$Worker.run(ThreadPoolExecutor.java:642)
at java.base/java.lang.Thread.run(Thread.java:1583)
... Removed 15 stack frames]]>
    </failure>
  </testcase> <!-- testPrincipalRounding -->
  <testcase classname="com.selenium.emi_Tests.emiTest" name="testLoanCategory" time="0.471">
    <failure type="java.lang.AssertionError">
      <![CDATA[java.lang.AssertionError
at com.selenium.emi_Tests.emiTest.testLoanCategory(emiTest.java:406)
at java.base/java.util.ArrayList.forEach(ArrayList.java:1596)
at java.base/java.util.concurrent.FutureTask.run(FutureTask.java:317)
at java.base/java.util.concurrent.ThreadPoolExecutor.runWorker(ThreadPoolExecutor.java:1144)
at java.base/java.util.concurrent.ThreadPoolExecutor$Worker.run(ThreadPoolExecutor.java:642)
at java.base/java.lang.Thread.run(Thread.java:1583)
... Removed 15 stack frames]]>
    </failure>
  </testcase> <!-- testLoanCategory -->
  <testcase classname="com.selenium.emi_Tests.emiTest" name="testHighLoanWarning" time="5.872">
    <failure type="org.openqa.selenium.TimeoutException" message="Expected condition failed: waiting for visibility of [[ChromeDriver: chrome on windows (1db47f37519cf3463a231e1a9e84ef01)] -&amp;gt; id: highLoanWarning] (tried for 5 second(s) with 500 milliseconds interval)
Build info: version: &amp;apos;4.32.0&amp;apos;, revision: &amp;apos;d17c8aa950&amp;apos;
System info: os.name: &amp;apos;Windows 11&amp;apos;, os.arch: &amp;apos;amd64&amp;apos;, os.version: &amp;apos;10.0&amp;apos;, java.version: &amp;apos;21.0.7&amp;apos;
Driver info: org.openqa.selenium.chrome.ChromeDriver
Capabilities {acceptInsecureCerts: false, browserName: chrome, browserVersion: 137.0.7151.69, chrome: {chromedriverVersion: 137.0.7151.119 (e0ac9d12dff..., userDataDir: C:\Users\2401039\AppData\Lo...}, fedcm:accounts: true, goog:chromeOptions: {debuggerAddress: localhost:63980}, networkConnectionEnabled: false, pageLoadStrategy: normal, platformName: windows, proxy: Proxy(), se:cdp: ws://localhost:63980/devtoo..., se:cdpVersion: 137.0.7151.69, setWindowRect: true, strictFileInteractability: false, timeouts: {implicit: 0, pageLoad: 300000, script: 30000}, unhandledPromptBehavior: dismiss and notify, webauthn:extension:credBlob: true, webauthn:extension:largeBlob: true, webauthn:extension:minPinLength: true, webauthn:extension:prf: true, webauthn:virtualAuthenticators: true}
Session ID: 1db47f37519cf3463a231e1a9e84ef01">
      <![CDATA[org.openqa.selenium.TimeoutException: Expected condition failed: waiting for visibility of [[ChromeDriver: chrome on windows (1db47f37519cf3463a231e1a9e84ef01)] -> id: highLoanWarning] (tried for 5 second(s) with 500 milliseconds interval)
Build info: version: '4.32.0', revision: 'd17c8aa950'
System info: os.name: 'Windows 11', os.arch: 'amd64', os.version: '10.0', java.version: '21.0.7'
Driver info: org.openqa.selenium.chrome.ChromeDriver
Capabilities {acceptInsecureCerts: false, browserName: chrome, browserVersion: 137.0.7151.69, chrome: {chromedriverVersion: 137.0.7151.119 (e0ac9d12dff..., userDataDir: C:\Users\2401039\AppData\Lo...}, fedcm:accounts: true, goog:chromeOptions: {debuggerAddress: localhost:63980}, networkConnectionEnabled: false, pageLoadStrategy: normal, platformName: windows, proxy: Proxy(), se:cdp: ws://localhost:63980/devtoo..., se:cdpVersion: 137.0.7151.69, setWindowRect: true, strictFileInteractability: false, timeouts: {implicit: 0, pageLoad: 300000, script: 30000}, unhandledPromptBehavior: dismiss and notify, webauthn:extension:credBlob: true, webauthn:extension:largeBlob: true, webauthn:extension:minPinLength: true, webauthn:extension:prf: true, webauthn:virtualAuthenticators: true}
Session ID: 1db47f37519cf3463a231e1a9e84ef01
at org.openqa.selenium.support.ui.WebDriverWait.timeoutException(WebDriverWait.java:84)
at org.openqa.selenium.support.ui.FluentWait.until(FluentWait.java:228)
at com.selenium.emi_Tests.emiTest.testHighLoanWarning(emiTest.java:416)
at java.base/java.util.ArrayList.forEach(ArrayList.java:1596)
at java.base/java.util.concurrent.FutureTask.run(FutureTask.java:317)
at java.base/java.util.concurrent.ThreadPoolExecutor.runWorker(ThreadPoolExecutor.java:1144)
at java.base/java.util.concurrent.ThreadPoolExecutor$Worker.run(ThreadPoolExecutor.java:642)
at java.base/java.lang.Thread.run(Thread.java:1583)
... Removed 15 stack frames]]>
    </failure>
  </testcase> <!-- testHighLoanWarning -->
  <testcase classname="com.selenium.emi_Tests.emiTest" name="testCalculateButtonDisabledForExcessiveLoan" time="0.146">
    <failure type="java.lang.AssertionError">
      <![CDATA[java.lang.AssertionError
at com.selenium.emi_Tests.emiTest.testCalculateButtonDisabledForExcessiveLoan(emiTest.java:425)
at java.base/java.util.ArrayList.forEach(ArrayList.java:1596)
at java.base/java.util.concurrent.FutureTask.run(FutureTask.java:317)
at java.base/java.util.concurrent.ThreadPoolExecutor.runWorker(ThreadPoolExecutor.java:1144)
at java.base/java.util.concurrent.ThreadPoolExecutor$Worker.run(ThreadPoolExecutor.java:642)
at java.base/java.lang.Thread.run(Thread.java:1583)
... Removed 15 stack frames]]>
    </failure>
  </testcase> <!-- testCalculateButtonDisabledForExcessiveLoan -->
  <testcase classname="com.selenium.emi_Tests.emiTest" name="testHighLoanWarningForMidRangeAmount" time="0.213">
    <failure type="java.lang.AssertionError">
      <![CDATA[java.lang.AssertionError
at com.selenium.emi_Tests.emiTest.testHighLoanWarningForMidRangeAmount(emiTest.java:437)
at java.base/java.util.ArrayList.forEach(ArrayList.java:1596)
at java.base/java.util.concurrent.FutureTask.run(FutureTask.java:317)
at java.base/java.util.concurrent.ThreadPoolExecutor.runWorker(ThreadPoolExecutor.java:1144)
at java.base/java.util.concurrent.ThreadPoolExecutor$Worker.run(ThreadPoolExecutor.java:642)
at java.base/java.lang.Thread.run(Thread.java:1583)
... Removed 15 stack frames]]>
    </failure>
  </testcase> <!-- testHighLoanWarningForMidRangeAmount -->
</testsuite> <!-- Chrome Test -->
